{"/home/travis/build/npmtest/node-npmtest-most/test.js":{"path":"/home/travis/build/npmtest/node-npmtest-most/test.js","s":{"1":2,"2":2,"3":2,"4":2,"5":2,"6":2,"7":2,"8":1,"9":2,"10":2,"11":1,"12":1,"13":1,"14":1,"15":2,"16":2,"17":2,"18":2,"19":1,"20":1,"21":2,"22":2,"23":2,"24":1,"25":1,"26":1,"27":1,"28":1,"29":1,"30":1,"31":1,"32":1,"33":1,"34":1,"35":1,"36":1,"37":1,"38":1,"39":2,"40":2,"41":1,"42":2,"43":2,"44":1,"45":2,"46":2,"47":1,"48":2,"49":2,"50":1,"51":1,"52":1,"53":1,"54":1},"b":{"1":[2,1,1,1],"2":[1,1,1,1],"3":[1,1],"4":[1,1],"5":[1,1],"6":[1,1],"7":[1,1],"8":[1,1],"9":[1,1],"10":[1,1,1],"11":[1,1],"12":[1,1],"13":[1,1],"14":[1,1],"15":[1,1],"16":[1,1],"17":[1,1]},"f":{"1":2,"2":2,"3":2,"4":2,"5":2,"6":1,"7":1,"8":1,"9":2,"10":2,"11":2,"12":2,"13":1},"fnMap":{"1":{"name":"(anonymous_1)","line":12,"loc":{"start":{"line":12,"column":1},"end":{"line":12,"column":13}}},"2":{"name":"(anonymous_2)","line":19,"loc":{"start":{"line":19,"column":5},"end":{"line":19,"column":17}}},"3":{"name":"(anonymous_3)","line":23,"loc":{"start":{"line":23,"column":24},"end":{"line":23,"column":36}}},"4":{"name":"(anonymous_4)","line":61,"loc":{"start":{"line":61,"column":5},"end":{"line":61,"column":17}}},"5":{"name":"(anonymous_5)","line":82,"loc":{"start":{"line":82,"column":5},"end":{"line":82,"column":17}}},"6":{"name":"(anonymous_6)","line":91,"loc":{"start":{"line":91,"column":77},"end":{"line":94,"column":10}}},"7":{"name":"(anonymous_7)","line":112,"loc":{"start":{"line":112,"column":83},"end":{"line":115,"column":10}},"skip":true},"8":{"name":"(anonymous_8)","line":123,"loc":{"start":{"line":123,"column":77},"end":{"line":126,"column":10}},"skip":true},"9":{"name":"(anonymous_9)","line":139,"loc":{"start":{"line":139,"column":12},"end":{"line":139,"column":40}},"skip":true},"10":{"name":"(anonymous_10)","line":147,"loc":{"start":{"line":147,"column":77},"end":{"line":150,"column":10}},"skip":true},"11":{"name":"(anonymous_11)","line":158,"loc":{"start":{"line":158,"column":83},"end":{"line":161,"column":10}},"skip":true},"12":{"name":"(anonymous_12)","line":169,"loc":{"start":{"line":169,"column":79},"end":{"line":172,"column":10}},"skip":true},"13":{"name":"(anonymous_13)","line":180,"loc":{"start":{"line":180,"column":75},"end":{"line":183,"column":10}},"skip":true}},"statementMap":{"1":{"start":{"line":12,"column":0},"end":{"line":195,"column":5}},"2":{"start":{"line":14,"column":4},"end":{"line":14,"column":14}},"3":{"start":{"line":19,"column":4},"end":{"line":56,"column":9}},"4":{"start":{"line":21,"column":8},"end":{"line":21,"column":19}},"5":{"start":{"line":23,"column":8},"end":{"line":35,"column":13}},"6":{"start":{"line":24,"column":12},"end":{"line":34,"column":13}},"7":{"start":{"line":25,"column":16},"end":{"line":28,"column":30}},"8":{"start":{"line":30,"column":16},"end":{"line":33,"column":27}},"9":{"start":{"line":37,"column":8},"end":{"line":39,"column":21}},"10":{"start":{"line":40,"column":8},"end":{"line":53,"column":9}},"11":{"start":{"line":43,"column":12},"end":{"line":46,"column":14}},"12":{"start":{"line":47,"column":12},"end":{"line":47,"column":18}},"13":{"start":{"line":50,"column":12},"end":{"line":51,"column":46}},"14":{"start":{"line":52,"column":12},"end":{"line":52,"column":18}},"15":{"start":{"line":55,"column":8},"end":{"line":55,"column":35}},"16":{"start":{"line":61,"column":4},"end":{"line":63,"column":9}},"17":{"start":{"line":62,"column":8},"end":{"line":62,"column":15}},"18":{"start":{"line":64,"column":4},"end":{"line":77,"column":5}},"19":{"start":{"line":70,"column":8},"end":{"line":70,"column":14}},"20":{"start":{"line":76,"column":8},"end":{"line":76,"column":14}},"21":{"start":{"line":82,"column":4},"end":{"line":84,"column":9}},"22":{"start":{"line":83,"column":8},"end":{"line":83,"column":15}},"23":{"start":{"line":85,"column":4},"end":{"line":194,"column":5}},"24":{"start":{"line":91,"column":8},"end":{"line":99,"column":10}},"25":{"start":{"line":98,"column":12},"end":{"line":98,"column":35}},"26":{"start":{"line":102,"column":8},"end":{"line":104,"column":63}},"27":{"start":{"line":105,"column":8},"end":{"line":105,"column":14}},"28":{"start":{"line":112,"column":8},"end":{"line":121,"column":10},"skip":true},"29":{"start":{"line":119,"column":12},"end":{"line":119,"column":55},"skip":true},"30":{"start":{"line":120,"column":12},"end":{"line":120,"column":48},"skip":true},"31":{"start":{"line":123,"column":8},"end":{"line":136,"column":10},"skip":true},"32":{"start":{"line":130,"column":12},"end":{"line":130,"column":76},"skip":true},"33":{"start":{"line":131,"column":12},"end":{"line":131,"column":73},"skip":true},"34":{"start":{"line":132,"column":12},"end":{"line":132,"column":74},"skip":true},"35":{"start":{"line":133,"column":12},"end":{"line":133,"column":79},"skip":true},"36":{"start":{"line":134,"column":12},"end":{"line":134,"column":25},"skip":true},"37":{"start":{"line":135,"column":12},"end":{"line":135,"column":45},"skip":true},"38":{"start":{"line":138,"column":8},"end":{"line":145,"column":14},"skip":true},"39":{"start":{"line":143,"column":16},"end":{"line":143,"column":29},"skip":true},"40":{"start":{"line":144,"column":16},"end":{"line":144,"column":55},"skip":true},"41":{"start":{"line":147,"column":8},"end":{"line":156,"column":10},"skip":true},"42":{"start":{"line":154,"column":12},"end":{"line":154,"column":25},"skip":true},"43":{"start":{"line":155,"column":12},"end":{"line":155,"column":45},"skip":true},"44":{"start":{"line":158,"column":8},"end":{"line":167,"column":10},"skip":true},"45":{"start":{"line":165,"column":12},"end":{"line":165,"column":25},"skip":true},"46":{"start":{"line":166,"column":12},"end":{"line":166,"column":48},"skip":true},"47":{"start":{"line":169,"column":8},"end":{"line":178,"column":10},"skip":true},"48":{"start":{"line":176,"column":12},"end":{"line":176,"column":25},"skip":true},"49":{"start":{"line":177,"column":12},"end":{"line":177,"column":46},"skip":true},"50":{"start":{"line":180,"column":8},"end":{"line":189,"column":10},"skip":true},"51":{"start":{"line":187,"column":12},"end":{"line":187,"column":94},"skip":true},"52":{"start":{"line":188,"column":12},"end":{"line":188,"column":48},"skip":true},"53":{"start":{"line":192,"column":8},"end":{"line":192,"column":35},"skip":true},"54":{"start":{"line":193,"column":8},"end":{"line":193,"column":14},"skip":true}},"branchMap":{"1":{"line":25,"type":"binary-expr","locations":[{"start":{"line":25,"column":23},"end":{"line":25,"column":62}},{"start":{"line":26,"column":20},"end":{"line":26,"column":70}},{"start":{"line":27,"column":20},"end":{"line":27,"column":71}},{"start":{"line":28,"column":20},"end":{"line":28,"column":29}}]},"2":{"line":30,"type":"binary-expr","locations":[{"start":{"line":30,"column":23},"end":{"line":30,"column":37}},{"start":{"line":31,"column":20},"end":{"line":31,"column":61}},{"start":{"line":32,"column":20},"end":{"line":32,"column":70}},{"start":{"line":33,"column":20},"end":{"line":33,"column":26}}]},"3":{"line":37,"type":"cond-expr","locations":[{"start":{"line":38,"column":14},"end":{"line":38,"column":20}},{"start":{"line":39,"column":14},"end":{"line":39,"column":20}}]},"4":{"line":40,"type":"switch","locations":[{"start":{"line":42,"column":8},"end":{"line":47,"column":18}},{"start":{"line":49,"column":8},"end":{"line":52,"column":18}}]},"5":{"line":44,"type":"binary-expr","locations":[{"start":{"line":44,"column":16},"end":{"line":44,"column":44}},{"start":{"line":44,"column":48},"end":{"line":44,"column":66}}]},"6":{"line":50,"type":"binary-expr","locations":[{"start":{"line":50,"column":21},"end":{"line":50,"column":49}},{"start":{"line":50,"column":53},"end":{"line":50,"column":72}}]},"7":{"line":64,"type":"switch","locations":[{"start":{"line":69,"column":4},"end":{"line":70,"column":14}},{"start":{"line":75,"column":4},"end":{"line":76,"column":14}}]},"8":{"line":85,"type":"switch","locations":[{"start":{"line":90,"column":4},"end":{"line":105,"column":14}},{"start":{"line":111,"column":4},"end":{"line":193,"column":14},"skip":true}]},"9":{"line":91,"type":"binary-expr","locations":[{"start":{"line":91,"column":42},"end":{"line":91,"column":73}},{"start":{"line":91,"column":77},"end":{"line":99,"column":9}}]},"10":{"line":102,"type":"binary-expr","locations":[{"start":{"line":102,"column":18},"end":{"line":102,"column":32}},{"start":{"line":103,"column":12},"end":{"line":103,"column":53}},{"start":{"line":104,"column":12},"end":{"line":104,"column":61}}]},"11":{"line":112,"type":"binary-expr","locations":[{"start":{"line":112,"column":45},"end":{"line":112,"column":79},"skip":true},{"start":{"line":112,"column":83},"end":{"line":121,"column":9},"skip":true}]},"12":{"line":123,"type":"binary-expr","locations":[{"start":{"line":123,"column":42},"end":{"line":123,"column":73},"skip":true},{"start":{"line":123,"column":77},"end":{"line":136,"column":9},"skip":true}]},"13":{"line":138,"type":"binary-expr","locations":[{"start":{"line":138,"column":48},"end":{"line":138,"column":85},"skip":true},{"start":{"line":139,"column":12},"end":{"line":145,"column":13},"skip":true}]},"14":{"line":147,"type":"binary-expr","locations":[{"start":{"line":147,"column":42},"end":{"line":147,"column":73},"skip":true},{"start":{"line":147,"column":77},"end":{"line":156,"column":9},"skip":true}]},"15":{"line":158,"type":"binary-expr","locations":[{"start":{"line":158,"column":45},"end":{"line":158,"column":79},"skip":true},{"start":{"line":158,"column":83},"end":{"line":167,"column":9},"skip":true}]},"16":{"line":169,"type":"binary-expr","locations":[{"start":{"line":169,"column":43},"end":{"line":169,"column":75},"skip":true},{"start":{"line":169,"column":79},"end":{"line":178,"column":9},"skip":true}]},"17":{"line":180,"type":"binary-expr","locations":[{"start":{"line":180,"column":41},"end":{"line":180,"column":71},"skip":true},{"start":{"line":180,"column":75},"end":{"line":189,"column":9},"skip":true}]}},"code":["/* istanbul instrument in package npmtest_most */","/*jslint","    bitwise: true,","    browser: true,","    maxerr: 8,","    maxlen: 96,","    node: true,","    nomen: true,","    regexp: true,","    stupid: true","*/","(function () {","    'use strict';","    var local;","","","","    // run shared js-env code - pre-init","    (function () {","        // init local","        local = {};","        // init modeJs","        local.modeJs = (function () {","            try {","                return typeof navigator.userAgent === 'string' &&","                    typeof document.querySelector('body') === 'object' &&","                    typeof XMLHttpRequest.prototype.open === 'function' &&","                    'browser';","            } catch (errorCaughtBrowser) {","                return module.exports &&","                    typeof process.versions.node === 'string' &&","                    typeof require('http').createServer === 'function' &&","                    'node';","            }","        }());","        // init global","        local.global = local.modeJs === 'browser'","            ? window","            : global;","        switch (local.modeJs) {","        // re-init local from window.local","        case 'browser':","            local = local.global.utility2.objectSetDefault(","                local.global.utility2_rollup || local.global.local,","                local.global.utility2","            );","            break;","        // re-init local from example.js","        case 'node':","            local = (local.global.utility2_rollup || require('utility2'))","                .requireExampleJsFromReadme();","            break;","        }","        // export local","        local.global.local = local;","    }());","","","","    // run shared js-env code - function","    (function () {","        return;","    }());","    switch (local.modeJs) {","","","","    // run browser js-env code - function","    case 'browser':","        break;","","","","    // run node js-env code - function","    case 'node':","        break;","    }","","","","    // run shared js-env code - post-init","    (function () {","        return;","    }());","    switch (local.modeJs) {","","","","    // run browser js-env code - post-init","    case 'browser':","        local.testCase_browser_nullCase = local.testCase_browser_nullCase || function (","            options,","            onError","        ) {","        /*","         * this function will test browsers's null-case handling-behavior-behavior","         */","            onError(null, options);","        };","","        // run tests","        local.nop(local.modeTest &&","            document.querySelector('#testRunButton1') &&","            document.querySelector('#testRunButton1').click());","        break;","","","","    // run node js-env code - post-init","    /* istanbul ignore next */","    case 'node':","        local.testCase_buildApidoc_default = local.testCase_buildApidoc_default || function (","            options,","            onError","        ) {","        /*","         * this function will test buildApidoc's default handling-behavior-behavior","         */","            options = { modulePathList: module.paths };","            local.buildApidoc(options, onError);","        };","","        local.testCase_buildApp_default = local.testCase_buildApp_default || function (","            options,","            onError","        ) {","        /*","         * this function will test buildApp's default handling-behavior-behavior","         */","            local.testCase_buildReadme_default(options, local.onErrorThrow);","            local.testCase_buildLib_default(options, local.onErrorThrow);","            local.testCase_buildTest_default(options, local.onErrorThrow);","            local.testCase_buildCustomOrg_default(options, local.onErrorThrow);","            options = [];","            local.buildApp(options, onError);","        };","","        local.testCase_buildCustomOrg_default = local.testCase_buildCustomOrg_default ||","            function (options, onError) {","            /*","             * this function will test buildCustomOrg's default handling-behavior","             */","                options = {};","                local.buildCustomOrg(options, onError);","            };","","        local.testCase_buildLib_default = local.testCase_buildLib_default || function (","            options,","            onError","        ) {","        /*","         * this function will test buildLib's default handling-behavior","         */","            options = {};","            local.buildLib(options, onError);","        };","","        local.testCase_buildReadme_default = local.testCase_buildReadme_default || function (","            options,","            onError","        ) {","        /*","         * this function will test buildReadme's default handling-behavior-behavior","         */","            options = {};","            local.buildReadme(options, onError);","        };","","        local.testCase_buildTest_default = local.testCase_buildTest_default || function (","            options,","            onError","        ) {","        /*","         * this function will test buildTest's default handling-behavior","         */","            options = {};","            local.buildTest(options, onError);","        };","","        local.testCase_webpage_default = local.testCase_webpage_default || function (","            options,","            onError","        ) {","        /*","         * this function will test webpage's default handling-behavior","         */","            options = { modeCoverageMerge: true, url: local.serverLocalHost + '?modeTest=1' };","            local.browserTest(options, onError);","        };","","        // run test-server","        local.testRunServer(local);","        break;","    }","}());",""],"l":{"12":2,"14":2,"19":2,"21":2,"23":2,"24":2,"25":2,"30":1,"37":2,"40":2,"43":1,"47":1,"50":1,"52":1,"55":2,"61":2,"62":2,"64":2,"70":1,"76":1,"82":2,"83":2,"85":2,"91":1,"98":1,"102":1,"105":1,"112":1,"119":1,"120":1,"123":1,"130":1,"131":1,"132":1,"133":1,"134":1,"135":1,"138":1,"143":2,"144":2,"147":1,"154":2,"155":2,"158":1,"165":2,"166":2,"169":1,"176":2,"177":2,"180":1,"187":1,"188":1,"192":1,"193":1}},"/home/travis/build/npmtest/node-npmtest-most/lib.npmtest_most.js":{"path":"/home/travis/build/npmtest/node-npmtest-most/lib.npmtest_most.js","s":{"1":2,"2":2,"3":2,"4":2,"5":2,"6":2,"7":2,"8":1,"9":2,"10":2,"11":2,"12":2,"13":1,"14":1,"15":1,"16":1},"b":{"1":[2,1,1,1],"2":[1,1,1,1],"3":[1,1],"4":[2,2],"5":[1,1]},"f":{"1":2,"2":2,"3":2},"fnMap":{"1":{"name":"(anonymous_1)","line":12,"loc":{"start":{"line":12,"column":1},"end":{"line":12,"column":13}}},"2":{"name":"(anonymous_2)","line":19,"loc":{"start":{"line":19,"column":5},"end":{"line":19,"column":17}}},"3":{"name":"(anonymous_3)","line":23,"loc":{"start":{"line":23,"column":24},"end":{"line":23,"column":36}}}},"statementMap":{"1":{"start":{"line":12,"column":0},"end":{"line":53,"column":5}},"2":{"start":{"line":14,"column":4},"end":{"line":14,"column":14}},"3":{"start":{"line":19,"column":4},"end":{"line":52,"column":9}},"4":{"start":{"line":21,"column":8},"end":{"line":21,"column":19}},"5":{"start":{"line":23,"column":8},"end":{"line":35,"column":13}},"6":{"start":{"line":24,"column":12},"end":{"line":34,"column":13}},"7":{"start":{"line":25,"column":16},"end":{"line":28,"column":30}},"8":{"start":{"line":30,"column":16},"end":{"line":33,"column":27}},"9":{"start":{"line":37,"column":8},"end":{"line":39,"column":21}},"10":{"start":{"line":41,"column":8},"end":{"line":41,"column":54}},"11":{"start":{"line":43,"column":8},"end":{"line":43,"column":49}},"12":{"start":{"line":45,"column":8},"end":{"line":51,"column":9}},"13":{"start":{"line":46,"column":12},"end":{"line":46,"column":55}},"14":{"start":{"line":48,"column":12},"end":{"line":48,"column":35}},"15":{"start":{"line":49,"column":12},"end":{"line":49,"column":49}},"16":{"start":{"line":50,"column":12},"end":{"line":50,"column":43}}},"branchMap":{"1":{"line":25,"type":"binary-expr","locations":[{"start":{"line":25,"column":23},"end":{"line":25,"column":62}},{"start":{"line":26,"column":20},"end":{"line":26,"column":70}},{"start":{"line":27,"column":20},"end":{"line":27,"column":71}},{"start":{"line":28,"column":20},"end":{"line":28,"column":29}}]},"2":{"line":30,"type":"binary-expr","locations":[{"start":{"line":30,"column":23},"end":{"line":30,"column":37}},{"start":{"line":31,"column":20},"end":{"line":31,"column":61}},{"start":{"line":32,"column":20},"end":{"line":32,"column":70}},{"start":{"line":33,"column":20},"end":{"line":33,"column":26}}]},"3":{"line":37,"type":"cond-expr","locations":[{"start":{"line":38,"column":14},"end":{"line":38,"column":20}},{"start":{"line":39,"column":14},"end":{"line":39,"column":20}}]},"4":{"line":41,"type":"binary-expr","locations":[{"start":{"line":41,"column":16},"end":{"line":41,"column":44}},{"start":{"line":41,"column":48},"end":{"line":41,"column":53}}]},"5":{"line":45,"type":"if","locations":[{"start":{"line":45,"column":8},"end":{"line":45,"column":8}},{"start":{"line":45,"column":8},"end":{"line":45,"column":8}}]}},"code":["/* istanbul instrument in package npmtest_most */","/*jslint","    bitwise: true,","    browser: true,","    maxerr: 8,","    maxlen: 96,","    node: true,","    nomen: true,","    regexp: true,","    stupid: true","*/","(function () {","    'use strict';","    var local;","","","","    // run shared js-env code - pre-init","    (function () {","        // init local","        local = {};","        // init modeJs","        local.modeJs = (function () {","            try {","                return typeof navigator.userAgent === 'string' &&","                    typeof document.querySelector('body') === 'object' &&","                    typeof XMLHttpRequest.prototype.open === 'function' &&","                    'browser';","            } catch (errorCaughtBrowser) {","                return module.exports &&","                    typeof process.versions.node === 'string' &&","                    typeof require('http').createServer === 'function' &&","                    'node';","            }","        }());","        // init global","        local.global = local.modeJs === 'browser'","            ? window","            : global;","        // init utility2_rollup","        local = local.global.utility2_rollup || local;","        // init lib","        local.local = local.npmtest_most = local;","        // init exports","        if (local.modeJs === 'browser') {","            local.global.utility2_npmtest_most = local;","        } else {","            module.exports = local;","            module.exports.__dirname = __dirname;","            module.exports.module = module;","        }","    }());","}());",""],"l":{"12":2,"14":2,"19":2,"21":2,"23":2,"24":2,"25":2,"30":1,"37":2,"41":2,"43":2,"45":2,"46":1,"48":1,"49":1,"50":1}},"/home/travis/build/npmtest/node-npmtest-most/example.js":{"path":"/home/travis/build/npmtest/node-npmtest-most/example.js","s":{"1":2,"2":2,"3":2,"4":2,"5":2,"6":2,"7":2,"8":1,"9":2,"10":2,"11":2,"12":2,"13":1,"14":2,"15":2,"16":2,"17":2,"18":2,"19":0,"20":2,"21":1,"22":1,"23":1,"24":1,"25":1,"26":0,"27":0,"28":1,"29":1,"30":2,"31":0,"32":0,"33":0,"34":1,"35":2,"36":2,"37":3,"38":3,"39":3,"40":3,"41":0,"42":3,"43":3,"44":3,"45":1,"46":3,"47":1,"48":1,"49":1,"50":1,"51":1,"52":1,"53":1,"54":1,"55":1,"56":1,"57":0,"58":1,"59":6,"60":6,"61":1,"62":2,"63":0,"64":2,"65":1,"66":1,"67":0,"68":0,"69":0,"70":0,"71":0,"72":0,"73":0,"74":0,"75":0,"76":0,"77":0,"78":0,"79":0,"80":0,"81":0,"82":0,"83":0},"b":{"1":[2,1,1,1],"2":[1,1,1,1],"3":[1,1],"4":[2,2],"5":[1,1],"6":[1,1],"7":[2,0],"8":[2,1,1,1,1,1],"9":[0,2,0],"10":[1,1],"11":[2,1,1],"12":[1,0],"13":[0,2],"14":[2,0,0,0,0,0,0],"15":[0,3],"16":[3,0],"17":[1,1],"18":[0,1],"19":[1,2,0,2],"20":[1,0],"21":[1,1],"22":[0,0],"23":[0,0],"24":[0,0],"25":[0,0],"26":[0,0],"27":[0,0],"28":[0,0]},"f":{"1":2,"2":2,"3":2,"4":2,"5":2,"6":2,"7":3,"8":3,"9":3,"10":1,"11":6,"12":0},"fnMap":{"1":{"name":"(anonymous_1)","line":26,"loc":{"start":{"line":26,"column":1},"end":{"line":26,"column":13}}},"2":{"name":"(anonymous_2)","line":33,"loc":{"start":{"line":33,"column":5},"end":{"line":33,"column":17}}},"3":{"name":"(anonymous_3)","line":37,"loc":{"start":{"line":37,"column":24},"end":{"line":37,"column":36}}},"4":{"name":"(anonymous_4)","line":69,"loc":{"start":{"line":69,"column":31},"end":{"line":69,"column":48}},"skip":true},"5":{"name":"(anonymous_5)","line":78,"loc":{"start":{"line":78,"column":26},"end":{"line":78,"column":45}},"skip":true},"6":{"name":"(anonymous_6)","line":123,"loc":{"start":{"line":123,"column":33},"end":{"line":123,"column":48}},"skip":true},"7":{"name":"(anonymous_7)","line":125,"loc":{"start":{"line":125,"column":27},"end":{"line":125,"column":39}},"skip":true},"8":{"name":"(anonymous_8)","line":133,"loc":{"start":{"line":133,"column":59},"end":{"line":133,"column":74}},"skip":true},"9":{"name":"(anonymous_9)","line":143,"loc":{"start":{"line":143,"column":45},"end":{"line":143,"column":62}},"skip":true},"10":{"name":"(anonymous_10)","line":144,"loc":{"start":{"line":144,"column":73},"end":{"line":144,"column":92}},"skip":true},"11":{"name":"(anonymous_11)","line":272,"loc":{"start":{"line":272,"column":51},"end":{"line":272,"column":77}},"skip":true},"12":{"name":"(anonymous_12)","line":315,"loc":{"start":{"line":315,"column":32},"end":{"line":315,"column":61}},"skip":true}},"statementMap":{"1":{"start":{"line":26,"column":0},"end":{"line":326,"column":5}},"2":{"start":{"line":28,"column":4},"end":{"line":28,"column":14}},"3":{"start":{"line":33,"column":4},"end":{"line":60,"column":9}},"4":{"start":{"line":35,"column":8},"end":{"line":35,"column":19}},"5":{"start":{"line":37,"column":8},"end":{"line":49,"column":13}},"6":{"start":{"line":38,"column":12},"end":{"line":48,"column":13}},"7":{"start":{"line":39,"column":16},"end":{"line":42,"column":30}},"8":{"start":{"line":44,"column":16},"end":{"line":47,"column":27}},"9":{"start":{"line":51,"column":8},"end":{"line":53,"column":21}},"10":{"start":{"line":55,"column":8},"end":{"line":57,"column":45}},"11":{"start":{"line":59,"column":8},"end":{"line":59,"column":35}},"12":{"start":{"line":61,"column":4},"end":{"line":325,"column":5}},"13":{"start":{"line":69,"column":8},"end":{"line":121,"column":10},"skip":true},"14":{"start":{"line":70,"column":12},"end":{"line":88,"column":13},"skip":true},"15":{"start":{"line":76,"column":16},"end":{"line":87,"column":19},"skip":true},"16":{"start":{"line":79,"column":20},"end":{"line":86,"column":21},"skip":true},"17":{"start":{"line":82,"column":24},"end":{"line":82,"column":43},"skip":true},"18":{"start":{"line":83,"column":24},"end":{"line":83,"column":30},"skip":true},"19":{"start":{"line":85,"column":24},"end":{"line":85,"column":49},"skip":true},"20":{"start":{"line":89,"column":12},"end":{"line":107,"column":13},"skip":true},"21":{"start":{"line":92,"column":16},"end":{"line":102,"column":17},"skip":true},"22":{"start":{"line":93,"column":20},"end":{"line":93,"column":86},"skip":true},"23":{"start":{"line":94,"column":20},"end":{"line":95,"column":45},"skip":true},"24":{"start":{"line":96,"column":20},"end":{"line":96,"column":42},"skip":true},"25":{"start":{"line":97,"column":20},"end":{"line":97,"column":48},"skip":true},"26":{"start":{"line":100,"column":20},"end":{"line":100,"column":85},"skip":true},"27":{"start":{"line":101,"column":20},"end":{"line":101,"column":96},"skip":true},"28":{"start":{"line":103,"column":16},"end":{"line":103,"column":22},"skip":true},"29":{"start":{"line":106,"column":16},"end":{"line":106,"column":22},"skip":true},"30":{"start":{"line":108,"column":12},"end":{"line":120,"column":13},"skip":true},"31":{"start":{"line":114,"column":16},"end":{"line":119,"column":17},"skip":true},"32":{"start":{"line":116,"column":20},"end":{"line":116,"column":78},"skip":true},"33":{"start":{"line":118,"column":20},"end":{"line":118,"column":47},"skip":true},"34":{"start":{"line":123,"column":8},"end":{"line":141,"column":11},"skip":true},"35":{"start":{"line":124,"column":12},"end":{"line":124,"column":54},"skip":true},"36":{"start":{"line":125,"column":12},"end":{"line":140,"column":14},"skip":true},"37":{"start":{"line":126,"column":16},"end":{"line":126,"column":28},"skip":true},"38":{"start":{"line":127,"column":16},"end":{"line":127,"column":69},"skip":true},"39":{"start":{"line":128,"column":16},"end":{"line":128,"column":75},"skip":true},"40":{"start":{"line":129,"column":16},"end":{"line":131,"column":17},"skip":true},"41":{"start":{"line":130,"column":20},"end":{"line":130,"column":27},"skip":true},"42":{"start":{"line":133,"column":16},"end":{"line":137,"column":36},"skip":true},"43":{"start":{"line":134,"column":20},"end":{"line":136,"column":55},"skip":true},"44":{"start":{"line":139,"column":16},"end":{"line":139,"column":57},"skip":true},"45":{"start":{"line":143,"column":8},"end":{"line":147,"column":11},"skip":true},"46":{"start":{"line":144,"column":12},"end":{"line":146,"column":15},"skip":true},"47":{"start":{"line":145,"column":16},"end":{"line":145,"column":70},"skip":true},"48":{"start":{"line":149,"column":8},"end":{"line":149,"column":31},"skip":true},"49":{"start":{"line":150,"column":8},"end":{"line":150,"column":14},"skip":true},"50":{"start":{"line":158,"column":8},"end":{"line":158,"column":31},"skip":true},"51":{"start":{"line":160,"column":8},"end":{"line":160,"column":33},"skip":true},"52":{"start":{"line":161,"column":8},"end":{"line":161,"column":37},"skip":true},"53":{"start":{"line":162,"column":8},"end":{"line":162,"column":35},"skip":true},"54":{"start":{"line":164,"column":8},"end":{"line":164,"column":50},"skip":true},"55":{"start":{"line":166,"column":8},"end":{"line":256,"column":2},"skip":true},"56":{"start":{"line":258,"column":8},"end":{"line":286,"column":9},"skip":true},"57":{"start":{"line":259,"column":12},"end":{"line":269,"column":14},"skip":true},"58":{"start":{"line":271,"column":12},"end":{"line":285,"column":19},"skip":true},"59":{"start":{"line":274,"column":20},"end":{"line":274,"column":35},"skip":true},"60":{"start":{"line":275,"column":20},"end":{"line":284,"column":21},"skip":true},"61":{"start":{"line":277,"column":24},"end":{"line":277,"column":64},"skip":true},"62":{"start":{"line":279,"column":24},"end":{"line":279,"column":40},"skip":true},"63":{"start":{"line":281,"column":24},"end":{"line":281,"column":40},"skip":true},"64":{"start":{"line":283,"column":24},"end":{"line":283,"column":39},"skip":true},"65":{"start":{"line":288,"column":8},"end":{"line":290,"column":9},"skip":true},"66":{"start":{"line":289,"column":12},"end":{"line":289,"column":18},"skip":true},"67":{"start":{"line":291,"column":8},"end":{"line":293,"column":54},"skip":true},"68":{"start":{"line":296,"column":8},"end":{"line":301,"column":37},"skip":true},"69":{"start":{"line":303,"column":8},"end":{"line":303,"column":82},"skip":true},"70":{"start":{"line":306,"column":8},"end":{"line":308,"column":9},"skip":true},"71":{"start":{"line":307,"column":12},"end":{"line":307,"column":82},"skip":true},"72":{"start":{"line":310,"column":8},"end":{"line":312,"column":9},"skip":true},"73":{"start":{"line":311,"column":12},"end":{"line":311,"column":18},"skip":true},"74":{"start":{"line":313,"column":8},"end":{"line":313,"column":54},"skip":true},"75":{"start":{"line":314,"column":8},"end":{"line":314,"column":69},"skip":true},"76":{"start":{"line":315,"column":8},"end":{"line":323,"column":36},"skip":true},"77":{"start":{"line":316,"column":12},"end":{"line":316,"column":61},"skip":true},"78":{"start":{"line":317,"column":12},"end":{"line":320,"column":13},"skip":true},"79":{"start":{"line":318,"column":16},"end":{"line":318,"column":75},"skip":true},"80":{"start":{"line":319,"column":16},"end":{"line":319,"column":23},"skip":true},"81":{"start":{"line":321,"column":12},"end":{"line":321,"column":38},"skip":true},"82":{"start":{"line":322,"column":12},"end":{"line":322,"column":27},"skip":true},"83":{"start":{"line":324,"column":8},"end":{"line":324,"column":14},"skip":true}},"branchMap":{"1":{"line":39,"type":"binary-expr","locations":[{"start":{"line":39,"column":23},"end":{"line":39,"column":62}},{"start":{"line":40,"column":20},"end":{"line":40,"column":70}},{"start":{"line":41,"column":20},"end":{"line":41,"column":71}},{"start":{"line":42,"column":20},"end":{"line":42,"column":29}}]},"2":{"line":44,"type":"binary-expr","locations":[{"start":{"line":44,"column":23},"end":{"line":44,"column":37}},{"start":{"line":45,"column":20},"end":{"line":45,"column":61}},{"start":{"line":46,"column":20},"end":{"line":46,"column":70}},{"start":{"line":47,"column":20},"end":{"line":47,"column":26}}]},"3":{"line":51,"type":"cond-expr","locations":[{"start":{"line":52,"column":14},"end":{"line":52,"column":20}},{"start":{"line":53,"column":14},"end":{"line":53,"column":20}}]},"4":{"line":55,"type":"binary-expr","locations":[{"start":{"line":55,"column":16},"end":{"line":55,"column":44}},{"start":{"line":55,"column":49},"end":{"line":57,"column":43}}]},"5":{"line":55,"type":"cond-expr","locations":[{"start":{"line":56,"column":14},"end":{"line":56,"column":48}},{"start":{"line":57,"column":14},"end":{"line":57,"column":43}}]},"6":{"line":61,"type":"switch","locations":[{"start":{"line":68,"column":4},"end":{"line":150,"column":14},"skip":true},{"start":{"line":156,"column":4},"end":{"line":324,"column":14},"skip":true}]},"7":{"line":70,"type":"if","locations":[{"start":{"line":70,"column":12},"end":{"line":70,"column":12},"skip":true},{"start":{"line":70,"column":12},"end":{"line":70,"column":12},"skip":true}]},"8":{"line":70,"type":"binary-expr","locations":[{"start":{"line":70,"column":16},"end":{"line":70,"column":22},"skip":true},{"start":{"line":70,"column":27},"end":{"line":70,"column":32},"skip":true},{"start":{"line":71,"column":20},"end":{"line":71,"column":39},"skip":true},{"start":{"line":72,"column":20},"end":{"line":72,"column":49},"skip":true},{"start":{"line":73,"column":20},"end":{"line":73,"column":58},"skip":true},{"start":{"line":74,"column":20},"end":{"line":74,"column":69},"skip":true}]},"9":{"line":79,"type":"switch","locations":[{"start":{"line":80,"column":20},"end":{"line":80,"column":33},"skip":true},{"start":{"line":81,"column":20},"end":{"line":83,"column":30},"skip":true},{"start":{"line":84,"column":20},"end":{"line":85,"column":49},"skip":true}]},"10":{"line":89,"type":"switch","locations":[{"start":{"line":90,"column":12},"end":{"line":103,"column":22},"skip":true},{"start":{"line":105,"column":12},"end":{"line":106,"column":22},"skip":true}]},"11":{"line":89,"type":"binary-expr","locations":[{"start":{"line":89,"column":20},"end":{"line":89,"column":25},"skip":true},{"start":{"line":89,"column":29},"end":{"line":89,"column":48},"skip":true},{"start":{"line":89,"column":52},"end":{"line":89,"column":74},"skip":true}]},"12":{"line":92,"type":"if","locations":[{"start":{"line":92,"column":16},"end":{"line":92,"column":16},"skip":true},{"start":{"line":92,"column":16},"end":{"line":92,"column":16},"skip":true}]},"13":{"line":108,"type":"if","locations":[{"start":{"line":108,"column":12},"end":{"line":108,"column":12},"skip":true},{"start":{"line":108,"column":12},"end":{"line":108,"column":12},"skip":true}]},"14":{"line":108,"type":"binary-expr","locations":[{"start":{"line":108,"column":16},"end":{"line":108,"column":61},"skip":true},{"start":{"line":108,"column":66},"end":{"line":108,"column":72},"skip":true},{"start":{"line":108,"column":77},"end":{"line":108,"column":82},"skip":true},{"start":{"line":109,"column":20},"end":{"line":109,"column":39},"skip":true},{"start":{"line":110,"column":20},"end":{"line":110,"column":49},"skip":true},{"start":{"line":111,"column":20},"end":{"line":111,"column":58},"skip":true},{"start":{"line":112,"column":20},"end":{"line":112,"column":68},"skip":true}]},"15":{"line":129,"type":"if","locations":[{"start":{"line":129,"column":16},"end":{"line":129,"column":16},"skip":true},{"start":{"line":129,"column":16},"end":{"line":129,"column":16},"skip":true}]},"16":{"line":134,"type":"cond-expr","locations":[{"start":{"line":135,"column":26},"end":{"line":135,"column":29},"skip":true},{"start":{"line":136,"column":26},"end":{"line":136,"column":54},"skip":true}]},"17":{"line":164,"type":"binary-expr","locations":[{"start":{"line":164,"column":27},"end":{"line":164,"column":43},"skip":true},{"start":{"line":164,"column":47},"end":{"line":164,"column":49},"skip":true}]},"18":{"line":258,"type":"if","locations":[{"start":{"line":258,"column":8},"end":{"line":258,"column":8},"skip":true},{"start":{"line":258,"column":8},"end":{"line":258,"column":8},"skip":true}]},"19":{"line":275,"type":"switch","locations":[{"start":{"line":276,"column":20},"end":{"line":277,"column":64},"skip":true},{"start":{"line":278,"column":20},"end":{"line":279,"column":40},"skip":true},{"start":{"line":280,"column":20},"end":{"line":281,"column":40},"skip":true},{"start":{"line":282,"column":20},"end":{"line":283,"column":39},"skip":true}]},"20":{"line":288,"type":"if","locations":[{"start":{"line":288,"column":8},"end":{"line":288,"column":8},"skip":true},{"start":{"line":288,"column":8},"end":{"line":288,"column":8},"skip":true}]},"21":{"line":288,"type":"binary-expr","locations":[{"start":{"line":288,"column":12},"end":{"line":288,"column":40},"skip":true},{"start":{"line":288,"column":44},"end":{"line":288,"column":67},"skip":true}]},"22":{"line":292,"type":"binary-expr","locations":[{"start":{"line":292,"column":12},"end":{"line":292,"column":50},"skip":true},{"start":{"line":293,"column":12},"end":{"line":293,"column":53},"skip":true}]},"23":{"line":297,"type":"binary-expr","locations":[{"start":{"line":297,"column":12},"end":{"line":297,"column":62},"skip":true},{"start":{"line":298,"column":12},"end":{"line":301,"column":36},"skip":true}]},"24":{"line":303,"type":"binary-expr","locations":[{"start":{"line":303,"column":43},"end":{"line":303,"column":75},"skip":true},{"start":{"line":303,"column":79},"end":{"line":303,"column":81},"skip":true}]},"25":{"line":306,"type":"if","locations":[{"start":{"line":306,"column":8},"end":{"line":306,"column":8},"skip":true},{"start":{"line":306,"column":8},"end":{"line":306,"column":8},"skip":true}]},"26":{"line":310,"type":"if","locations":[{"start":{"line":310,"column":8},"end":{"line":310,"column":8},"skip":true},{"start":{"line":310,"column":8},"end":{"line":310,"column":8},"skip":true}]},"27":{"line":313,"type":"binary-expr","locations":[{"start":{"line":313,"column":27},"end":{"line":313,"column":43},"skip":true},{"start":{"line":313,"column":47},"end":{"line":313,"column":53},"skip":true}]},"28":{"line":317,"type":"if","locations":[{"start":{"line":317,"column":12},"end":{"line":317,"column":12},"skip":true},{"start":{"line":317,"column":12},"end":{"line":317,"column":12},"skip":true}]}},"code":["/*","example.js","","quickstart example","","instruction","    1. save this script as example.js","    2. run the shell command:","        $ npm install npmtest-most && PORT=8081 node example.js","    3. play with the browser-demo on http://127.0.0.1:8081","*/","","","","/* istanbul instrument in package npmtest_most */","/*jslint","    bitwise: true,","    browser: true,","    maxerr: 8,","    maxlen: 96,","    node: true,","    nomen: true,","    regexp: true,","    stupid: true","*/","(function () {","    'use strict';","    var local;","","","","    // run shared js-env code - pre-init","    (function () {","        // init local","        local = {};","        // init modeJs","        local.modeJs = (function () {","            try {","                return typeof navigator.userAgent === 'string' &&","                    typeof document.querySelector('body') === 'object' &&","                    typeof XMLHttpRequest.prototype.open === 'function' &&","                    'browser';","            } catch (errorCaughtBrowser) {","                return module.exports &&","                    typeof process.versions.node === 'string' &&","                    typeof require('http').createServer === 'function' &&","                    'node';","            }","        }());","        // init global","        local.global = local.modeJs === 'browser'","            ? window","            : global;","        // init utility2_rollup","        local = local.global.utility2_rollup || (local.modeJs === 'browser'","            ? local.global.utility2_npmtest_most","            : global.utility2_moduleExports);","        // export local","        local.global.local = local;","    }());","    switch (local.modeJs) {","","","","    // post-init","    // run browser js-env code - post-init","    /* istanbul ignore next */","    case 'browser':","        local.testRunBrowser = function (event) {","            if (!event || (event &&","                    event.currentTarget &&","                    event.currentTarget.className &&","                    event.currentTarget.className.includes &&","                    event.currentTarget.className.includes('onreset'))) {","                // reset output","                Array.from(","                    document.querySelectorAll('body > .resettable')","                ).forEach(function (element) {","                    switch (element.tagName) {","                    case 'INPUT':","                    case 'TEXTAREA':","                        element.value = '';","                        break;","                    default:","                        element.textContent = '';","                    }","                });","            }","            switch (event && event.currentTarget && event.currentTarget.id) {","            case 'testRunButton1':","                // show tests","                if (document.querySelector('#testReportDiv1').style.display === 'none') {","                    document.querySelector('#testReportDiv1').style.display = 'block';","                    document.querySelector('#testRunButton1').textContent =","                        'hide internal test';","                    local.modeTest = true;","                    local.testRunDefault(local);","                // hide tests","                } else {","                    document.querySelector('#testReportDiv1').style.display = 'none';","                    document.querySelector('#testRunButton1').textContent = 'run internal test';","                }","                break;","            // custom-case","            default:","                break;","            }","            if (document.querySelector('#inputTextareaEval1') && (!event || (event &&","                    event.currentTarget &&","                    event.currentTarget.className &&","                    event.currentTarget.className.includes &&","                    event.currentTarget.className.includes('oneval')))) {","                // try to eval input-code","                try {","                    /*jslint evil: true*/","                    eval(document.querySelector('#inputTextareaEval1').value);","                } catch (errorCaught) {","                    console.error(errorCaught);","                }","            }","        };","        // log stderr and stdout to #outputTextareaStdout1","        ['error', 'log'].forEach(function (key) {","            console[key + '_original'] = console[key];","            console[key] = function () {","                var element;","                console[key + '_original'].apply(console, arguments);","                element = document.querySelector('#outputTextareaStdout1');","                if (!element) {","                    return;","                }","                // append text to #outputTextareaStdout1","                element.value += Array.from(arguments).map(function (arg) {","                    return typeof arg === 'string'","                        ? arg","                        : JSON.stringify(arg, null, 4);","                }).join(' ') + '\\n';","                // scroll textarea to bottom","                element.scrollTop = element.scrollHeight;","            };","        });","        // init event-handling","        ['change', 'click', 'keyup'].forEach(function (event) {","            Array.from(document.querySelectorAll('.on' + event)).forEach(function (element) {","                element.addEventListener(event, local.testRunBrowser);","            });","        });","        // run tests","        local.testRunBrowser();","        break;","","","","    // run node js-env code - post-init","    /* istanbul ignore next */","    case 'node':","        // export local","        module.exports = local;","        // require modules","        local.fs = require('fs');","        local.http = require('http');","        local.url = require('url');","        // init assets","        local.assetsDict = local.assetsDict || {};","        /* jslint-ignore-begin */","        local.assetsDict['/assets.index.template.html'] = '\\","<!doctype html>\\n\\","<html lang=\"en\">\\n\\","<head>\\n\\","<meta charset=\"UTF-8\">\\n\\","<meta name=\"viewport\" content=\"width=device-width, initial-scale=1\">\\n\\","<title>{{env.npm_package_name}} (v{{env.npm_package_version}})</title>\\n\\","<style>\\n\\","/*csslint\\n\\","    box-sizing: false,\\n\\","    universal-selector: false\\n\\","*/\\n\\","* {\\n\\","    box-sizing: border-box;\\n\\","}\\n\\","body {\\n\\","    background: #dde;\\n\\","    font-family: Arial, Helvetica, sans-serif;\\n\\","    margin: 2rem;\\n\\","}\\n\\","body > * {\\n\\","    margin-bottom: 1rem;\\n\\","}\\n\\",".utility2FooterDiv {\\n\\","    margin-top: 20px;\\n\\","    text-align: center;\\n\\","}\\n\\","</style>\\n\\","<style>\\n\\","/*csslint\\n\\","*/\\n\\","textarea {\\n\\","    font-family: monospace;\\n\\","    height: 10rem;\\n\\","    width: 100%;\\n\\","}\\n\\","textarea[readonly] {\\n\\","    background: #ddd;\\n\\","}\\n\\","</style>\\n\\","</head>\\n\\","<body>\\n\\","<!-- utility2-comment\\n\\","<div id=\"ajaxProgressDiv1\" style=\"background: #d00; height: 2px; left: 0; margin: 0; padding: 0; position: fixed; top: 0; transition: background 0.5s, width 1.5s; width: 25%;\"></div>\\n\\","utility2-comment -->\\n\\","<h1>\\n\\","<!-- utility2-comment\\n\\","    <a\\n\\","        {{#if env.npm_package_homepage}}\\n\\","        href=\"{{env.npm_package_homepage}}\"\\n\\","        {{/if env.npm_package_homepage}}\\n\\","        target=\"_blank\"\\n\\","    >\\n\\","utility2-comment -->\\n\\","        {{env.npm_package_name}} (v{{env.npm_package_version}})\\n\\","<!-- utility2-comment\\n\\","    </a>\\n\\","utility2-comment -->\\n\\","</h1>\\n\\","<h3>{{env.npm_package_description}}</h3>\\n\\","<!-- utility2-comment\\n\\","<h4><a download href=\"assets.app.js\">download standalone app</a></h4>\\n\\","<button class=\"onclick onreset\" id=\"testRunButton1\">run internal test</button><br>\\n\\","<div id=\"testReportDiv1\" style=\"display: none;\"></div>\\n\\","utility2-comment -->\\n\\","\\n\\","\\n\\","\\n\\","<label>stderr and stdout</label>\\n\\","<textarea class=\"resettable\" id=\"outputTextareaStdout1\" readonly></textarea>\\n\\","<!-- utility2-comment\\n\\","{{#if isRollup}}\\n\\","<script src=\"assets.app.js\"></script>\\n\\","{{#unless isRollup}}\\n\\","utility2-comment -->\\n\\","<script src=\"assets.utility2.rollup.js\"></script>\\n\\","<script src=\"jsonp.utility2._stateInit?callback=window.utility2._stateInit\"></script>\\n\\","<script src=\"assets.npmtest_most.rollup.js\"></script>\\n\\","<script src=\"assets.example.js\"></script>\\n\\","<script src=\"assets.test.js\"></script>\\n\\","<!-- utility2-comment\\n\\","{{/if isRollup}}\\n\\","utility2-comment -->\\n\\","<div class=\"utility2FooterDiv\">\\n\\","    [ this app was created with\\n\\","    <a href=\"https://github.com/kaizhu256/node-utility2\" target=\"_blank\">utility2</a>\\n\\","    ]\\n\\","</div>\\n\\","</body>\\n\\","</html>\\n\\","';","        /* jslint-ignore-end */","        if (local.templateRender) {","            local.assetsDict['/'] = local.templateRender(","                local.assetsDict['/assets.index.template.html'],","                {","                    env: local.objectSetDefault(local.env, {","                        npm_package_description: 'the greatest app in the world!',","                        npm_package_name: 'my-app',","                        npm_package_nameAlias: 'my_app',","                        npm_package_version: '0.0.1'","                    })","                }","            );","        } else {","            local.assetsDict['/'] = local.assetsDict['/assets.index.template.html']","                .replace((/\\{\\{env\\.(\\w+?)\\}\\}/g), function (match0, match1) {","                    // jslint-hack","                    String(match0);","                    switch (match1) {","                    case 'npm_package_description':","                        return 'the greatest app in the world!';","                    case 'npm_package_name':","                        return 'my-app';","                    case 'npm_package_nameAlias':","                        return 'my_app';","                    case 'npm_package_version':","                        return '0.0.1';","                    }","                });","        }","        // run the cli","        if (local.global.utility2_rollup || module !== require.main) {","            break;","        }","        local.assetsDict['/assets.example.js'] =","            local.assetsDict['/assets.example.js'] ||","            local.fs.readFileSync(__filename, 'utf8');","        // bug-workaround - long $npm_package_buildCustomOrg","        /* jslint-ignore-begin */","        local.assetsDict['/assets.npmtest_most.rollup.js'] =","            local.assetsDict['/assets.npmtest_most.rollup.js'] ||","            local.fs.readFileSync(","                local.npmtest_most.__dirname + '/lib.npmtest_most.js',","                'utf8'","            ).replace((/^#!/), '//');","        /* jslint-ignore-end */","        local.assetsDict['/favicon.ico'] = local.assetsDict['/favicon.ico'] || '';","        // if $npm_config_timeout_exit exists,","        // then exit this process after $npm_config_timeout_exit ms","        if (Number(process.env.npm_config_timeout_exit)) {","            setTimeout(process.exit, Number(process.env.npm_config_timeout_exit));","        }","        // start server","        if (local.global.utility2_serverHttp1) {","            break;","        }","        process.env.PORT = process.env.PORT || '8081';","        console.error('server starting on port ' + process.env.PORT);","        local.http.createServer(function (request, response) {","            request.urlParsed = local.url.parse(request.url);","            if (local.assetsDict[request.urlParsed.pathname] !== undefined) {","                response.end(local.assetsDict[request.urlParsed.pathname]);","                return;","            }","            response.statusCode = 404;","            response.end();","        }).listen(process.env.PORT);","        break;","    }","}());",""],"l":{"26":2,"28":2,"33":2,"35":2,"37":2,"38":2,"39":2,"44":1,"51":2,"55":2,"59":2,"61":2,"69":1,"70":2,"76":2,"79":2,"82":2,"83":2,"85":1,"89":2,"92":1,"93":1,"94":1,"96":1,"97":1,"100":1,"101":1,"103":1,"106":1,"108":2,"114":1,"116":1,"118":1,"123":1,"124":2,"125":2,"126":3,"127":3,"128":3,"129":3,"130":1,"133":3,"134":3,"139":3,"143":1,"144":3,"145":1,"149":1,"150":1,"158":1,"160":1,"161":1,"162":1,"164":1,"166":1,"258":1,"259":1,"271":1,"274":6,"275":6,"277":1,"279":2,"281":1,"283":2,"288":1,"289":1,"291":1,"296":1,"303":1,"306":1,"307":1,"310":1,"311":1,"313":1,"314":1,"315":1,"316":1,"317":1,"318":1,"319":1,"321":1,"322":1,"324":1}},"/home/travis/build/npmtest/node-npmtest-most/node_modules/most/lib/index.js":{"path":"/home/travis/build/npmtest/node-npmtest-most/node_modules/most/lib/index.js","s":{"1":1,"2":1,"3":1,"4":1,"5":2,"6":1,"7":1,"8":2,"9":1,"10":1,"11":2,"12":1,"13":1,"14":2,"15":1,"16":1,"17":1,"18":1,"19":1,"20":1,"21":1,"22":1,"23":1,"24":1,"25":1,"26":1,"27":1,"28":1,"29":1,"30":1,"31":1,"32":1,"33":1,"34":1,"35":1,"36":1,"37":1,"38":1,"39":1,"40":1,"41":1,"42":1,"43":1,"44":1,"45":1,"46":1,"47":1,"48":1,"49":1,"50":1,"51":1,"52":1,"53":1,"54":1,"55":1,"56":1,"57":1,"58":1,"59":0,"60":0,"61":0,"62":0,"63":0,"64":0,"65":0,"66":1,"67":5,"68":1,"69":1,"70":1,"71":1,"72":1,"73":1,"74":1,"75":1,"76":1,"77":1,"78":1,"79":0,"80":1,"81":0,"82":1,"83":0,"84":1,"85":1,"86":1,"87":1,"88":0,"89":1,"90":0,"91":1,"92":1,"93":0,"94":1,"95":1,"96":1,"97":0,"98":1,"99":0,"100":1,"101":1,"102":1,"103":0,"104":1,"105":0,"106":1,"107":1,"108":1,"109":1,"110":1,"111":0,"112":1,"113":0,"114":1,"115":0,"116":1,"117":0,"118":1,"119":1,"120":0,"121":1,"122":1,"123":1,"124":1,"125":0,"126":1,"127":1,"128":0,"129":1,"130":1,"131":1,"132":0,"133":1,"134":1,"135":1,"136":0,"137":1,"138":1,"139":0,"140":1,"141":1,"142":1,"143":0,"144":1,"145":1,"146":1,"147":0,"148":1,"149":1,"150":1,"151":1,"152":0,"153":1,"154":0,"155":1,"156":1,"157":1,"158":0,"159":1,"160":1,"161":1,"162":0,"163":1,"164":1,"165":1,"166":1,"167":1,"168":1,"169":1,"170":0,"171":1,"172":0,"173":1,"174":0,"175":1,"176":1,"177":1,"178":1,"179":1,"180":1,"181":0,"182":1,"183":0,"184":1,"185":0,"186":1,"187":0,"188":1,"189":0,"190":1,"191":1,"192":1,"193":1,"194":1,"195":1,"196":0,"197":1,"198":1,"199":0,"200":1,"201":1,"202":0,"203":1,"204":1,"205":0,"206":1,"207":1,"208":0,"209":1,"210":1,"211":1,"212":0,"213":1,"214":0,"215":1,"216":1,"217":1,"218":1,"219":0,"220":1,"221":1,"222":1,"223":1,"224":1,"225":0,"226":1,"227":1,"228":1,"229":0,"230":1,"231":1},"b":{"1":[1,0],"2":[1,1],"3":[0,0],"4":[0,0],"5":[5,0],"6":[5,5]},"f":{"1":2,"2":2,"3":2,"4":2,"5":1,"6":5,"7":0,"8":0,"9":0,"10":0,"11":0,"12":0,"13":0,"14":0,"15":0,"16":0,"17":0,"18":0,"19":0,"20":0,"21":0,"22":0,"23":0,"24":0,"25":0,"26":0,"27":0,"28":0,"29":0,"30":0,"31":0,"32":0,"33":0,"34":0,"35":0,"36":0,"37":0,"38":0,"39":0,"40":0,"41":0,"42":0,"43":0,"44":0,"45":0,"46":0,"47":0,"48":0,"49":0,"50":0},"fnMap":{"1":{"name":"(anonymous_1)","line":12,"loc":{"start":{"line":12,"column":7},"end":{"line":12,"column":19}}},"2":{"name":"(anonymous_2)","line":21,"loc":{"start":{"line":21,"column":7},"end":{"line":21,"column":19}}},"3":{"name":"(anonymous_3)","line":30,"loc":{"start":{"line":30,"column":7},"end":{"line":30,"column":19}}},"4":{"name":"(anonymous_4)","line":39,"loc":{"start":{"line":39,"column":7},"end":{"line":39,"column":19}}},"5":{"name":"_interopRequireWildcard","line":126,"loc":{"start":{"line":126,"column":0},"end":{"line":126,"column":38}}},"6":{"name":"_interopRequireDefault","line":128,"loc":{"start":{"line":128,"column":0},"end":{"line":128,"column":37}}},"7":{"name":"(anonymous_7)","line":157,"loc":{"start":{"line":157,"column":39},"end":{"line":157,"column":61}}},"8":{"name":"(anonymous_8)","line":161,"loc":{"start":{"line":161,"column":57},"end":{"line":161,"column":69}}},"9":{"name":"(anonymous_9)","line":175,"loc":{"start":{"line":175,"column":34},"end":{"line":175,"column":47}}},"10":{"name":"(anonymous_10)","line":206,"loc":{"start":{"line":206,"column":74},"end":{"line":206,"column":87}}},"11":{"name":"(anonymous_11)","line":218,"loc":{"start":{"line":218,"column":35},"end":{"line":218,"column":47}}},"12":{"name":"(anonymous_12)","line":237,"loc":{"start":{"line":237,"column":34},"end":{"line":237,"column":59}}},"13":{"name":"(anonymous_13)","line":254,"loc":{"start":{"line":254,"column":34},"end":{"line":254,"column":56}}},"14":{"name":"(anonymous_14)","line":266,"loc":{"start":{"line":266,"column":36},"end":{"line":266,"column":58}}},"15":{"name":"(anonymous_15)","line":282,"loc":{"start":{"line":282,"column":36},"end":{"line":282,"column":52}}},"16":{"name":"(anonymous_16)","line":290,"loc":{"start":{"line":290,"column":39},"end":{"line":290,"column":52}}},"17":{"name":"(anonymous_17)","line":308,"loc":{"start":{"line":308,"column":33},"end":{"line":308,"column":46}}},"18":{"name":"(anonymous_18)","line":318,"loc":{"start":{"line":318,"column":32},"end":{"line":318,"column":46}}},"19":{"name":"(anonymous_19)","line":327,"loc":{"start":{"line":327,"column":38},"end":{"line":327,"column":51}}},"20":{"name":"(anonymous_20)","line":337,"loc":{"start":{"line":337,"column":33},"end":{"line":337,"column":46}}},"21":{"name":"(anonymous_21)","line":352,"loc":{"start":{"line":352,"column":39},"end":{"line":352,"column":61}}},"22":{"name":"(anonymous_22)","line":371,"loc":{"start":{"line":371,"column":35},"end":{"line":371,"column":48}}},"23":{"name":"(anonymous_23)","line":383,"loc":{"start":{"line":383,"column":34},"end":{"line":383,"column":46}}},"24":{"name":"(anonymous_24)","line":399,"loc":{"start":{"line":399,"column":42},"end":{"line":399,"column":55}}},"25":{"name":"(anonymous_25)","line":409,"loc":{"start":{"line":409,"column":39},"end":{"line":409,"column":52}}},"26":{"name":"(anonymous_26)","line":428,"loc":{"start":{"line":428,"column":47},"end":{"line":428,"column":70}}},"27":{"name":"(anonymous_27)","line":445,"loc":{"start":{"line":445,"column":35},"end":{"line":445,"column":62}}},"28":{"name":"(anonymous_28)","line":462,"loc":{"start":{"line":462,"column":37},"end":{"line":462,"column":67}}},"29":{"name":"(anonymous_29)","line":480,"loc":{"start":{"line":480,"column":40},"end":{"line":480,"column":59}}},"30":{"name":"(anonymous_30)","line":490,"loc":{"start":{"line":490,"column":36},"end":{"line":490,"column":66}}},"31":{"name":"(anonymous_31)","line":508,"loc":{"start":{"line":508,"column":33},"end":{"line":508,"column":63}}},"32":{"name":"(anonymous_32)","line":525,"loc":{"start":{"line":525,"column":42},"end":{"line":525,"column":54}}},"33":{"name":"(anonymous_33)","line":551,"loc":{"start":{"line":551,"column":36},"end":{"line":551,"column":49}}},"34":{"name":"(anonymous_34)","line":561,"loc":{"start":{"line":561,"column":41},"end":{"line":561,"column":53}}},"35":{"name":"(anonymous_35)","line":570,"loc":{"start":{"line":570,"column":45},"end":{"line":570,"column":63}}},"36":{"name":"(anonymous_36)","line":590,"loc":{"start":{"line":590,"column":34},"end":{"line":590,"column":47}}},"37":{"name":"(anonymous_37)","line":600,"loc":{"start":{"line":600,"column":34},"end":{"line":600,"column":47}}},"38":{"name":"(anonymous_38)","line":612,"loc":{"start":{"line":612,"column":35},"end":{"line":612,"column":57}}},"39":{"name":"(anonymous_39)","line":623,"loc":{"start":{"line":623,"column":39},"end":{"line":623,"column":52}}},"40":{"name":"(anonymous_40)","line":634,"loc":{"start":{"line":634,"column":39},"end":{"line":634,"column":52}}},"41":{"name":"(anonymous_41)","line":659,"loc":{"start":{"line":659,"column":35},"end":{"line":659,"column":53}}},"42":{"name":"(anonymous_42)","line":675,"loc":{"start":{"line":675,"column":35},"end":{"line":675,"column":53}}},"43":{"name":"(anonymous_43)","line":692,"loc":{"start":{"line":692,"column":36},"end":{"line":692,"column":58}}},"44":{"name":"(anonymous_44)","line":706,"loc":{"start":{"line":706,"column":35},"end":{"line":706,"column":56}}},"45":{"name":"(anonymous_45)","line":721,"loc":{"start":{"line":721,"column":39},"end":{"line":721,"column":51}}},"46":{"name":"(anonymous_46)","line":739,"loc":{"start":{"line":739,"column":38},"end":{"line":739,"column":56}}},"47":{"name":"(anonymous_47)","line":751,"loc":{"start":{"line":751,"column":38},"end":{"line":751,"column":56}}},"48":{"name":"(anonymous_48)","line":769,"loc":{"start":{"line":769,"column":43},"end":{"line":769,"column":55}}},"49":{"name":"(anonymous_49)","line":794,"loc":{"start":{"line":794,"column":41},"end":{"line":794,"column":54}}},"50":{"name":"(anonymous_50)","line":812,"loc":{"start":{"line":812,"column":39},"end":{"line":812,"column":51}}}},"statementMap":{"1":{"start":{"line":3,"column":0},"end":{"line":5,"column":3}},"2":{"start":{"line":6,"column":0},"end":{"line":6,"column":1316}},"3":{"start":{"line":8,"column":0},"end":{"line":8,"column":47}},"4":{"start":{"line":10,"column":0},"end":{"line":15,"column":3}},"5":{"start":{"line":13,"column":4},"end":{"line":13,"column":32}},"6":{"start":{"line":17,"column":0},"end":{"line":17,"column":41}},"7":{"start":{"line":19,"column":0},"end":{"line":24,"column":3}},"8":{"start":{"line":22,"column":4},"end":{"line":22,"column":26}},"9":{"start":{"line":26,"column":0},"end":{"line":26,"column":43}},"10":{"start":{"line":28,"column":0},"end":{"line":33,"column":3}},"11":{"start":{"line":31,"column":4},"end":{"line":31,"column":28}},"12":{"start":{"line":35,"column":0},"end":{"line":35,"column":45}},"13":{"start":{"line":37,"column":0},"end":{"line":42,"column":3}},"14":{"start":{"line":40,"column":4},"end":{"line":40,"column":30}},"15":{"start":{"line":44,"column":0},"end":{"line":44,"column":34}},"16":{"start":{"line":46,"column":0},"end":{"line":46,"column":47}},"17":{"start":{"line":48,"column":0},"end":{"line":48,"column":40}},"18":{"start":{"line":50,"column":0},"end":{"line":50,"column":45}},"19":{"start":{"line":52,"column":0},"end":{"line":52,"column":37}},"20":{"start":{"line":54,"column":0},"end":{"line":54,"column":37}},"21":{"start":{"line":56,"column":0},"end":{"line":56,"column":45}},"22":{"start":{"line":58,"column":0},"end":{"line":58,"column":53}},"23":{"start":{"line":60,"column":0},"end":{"line":60,"column":67}},"24":{"start":{"line":62,"column":0},"end":{"line":62,"column":51}},"25":{"start":{"line":64,"column":0},"end":{"line":64,"column":41}},"26":{"start":{"line":66,"column":0},"end":{"line":66,"column":47}},"27":{"start":{"line":68,"column":0},"end":{"line":68,"column":41}},"28":{"start":{"line":70,"column":0},"end":{"line":70,"column":53}},"29":{"start":{"line":72,"column":0},"end":{"line":72,"column":43}},"30":{"start":{"line":74,"column":0},"end":{"line":74,"column":51}},"31":{"start":{"line":76,"column":0},"end":{"line":76,"column":55}},"32":{"start":{"line":78,"column":0},"end":{"line":78,"column":51}},"33":{"start":{"line":80,"column":0},"end":{"line":80,"column":47}},"34":{"start":{"line":82,"column":0},"end":{"line":82,"column":57}},"35":{"start":{"line":84,"column":0},"end":{"line":84,"column":51}},"36":{"start":{"line":86,"column":0},"end":{"line":86,"column":67}},"37":{"start":{"line":88,"column":0},"end":{"line":88,"column":43}},"38":{"start":{"line":90,"column":0},"end":{"line":90,"column":47}},"39":{"start":{"line":92,"column":0},"end":{"line":92,"column":45}},"40":{"start":{"line":94,"column":0},"end":{"line":94,"column":39}},"41":{"start":{"line":96,"column":0},"end":{"line":96,"column":45}},"42":{"start":{"line":98,"column":0},"end":{"line":98,"column":45}},"43":{"start":{"line":100,"column":0},"end":{"line":100,"column":43}},"44":{"start":{"line":102,"column":0},"end":{"line":102,"column":51}},"45":{"start":{"line":104,"column":0},"end":{"line":104,"column":43}},"46":{"start":{"line":106,"column":0},"end":{"line":106,"column":51}},"47":{"start":{"line":108,"column":0},"end":{"line":108,"column":43}},"48":{"start":{"line":110,"column":0},"end":{"line":110,"column":49}},"49":{"start":{"line":112,"column":0},"end":{"line":112,"column":45}},"50":{"start":{"line":114,"column":0},"end":{"line":114,"column":44}},"51":{"start":{"line":116,"column":0},"end":{"line":116,"column":53}},"52":{"start":{"line":118,"column":0},"end":{"line":118,"column":64}},"53":{"start":{"line":120,"column":0},"end":{"line":120,"column":67}},"54":{"start":{"line":122,"column":0},"end":{"line":122,"column":58}},"55":{"start":{"line":124,"column":0},"end":{"line":124,"column":61}},"56":{"start":{"line":126,"column":0},"end":{"line":126,"column":273}},"57":{"start":{"line":126,"column":40},"end":{"line":126,"column":271}},"58":{"start":{"line":126,"column":69},"end":{"line":126,"column":80}},"59":{"start":{"line":126,"column":90},"end":{"line":126,"column":106}},"60":{"start":{"line":126,"column":107},"end":{"line":126,"column":232}},"61":{"start":{"line":126,"column":126},"end":{"line":126,"column":230}},"62":{"start":{"line":126,"column":149},"end":{"line":126,"column":228}},"63":{"start":{"line":126,"column":203},"end":{"line":126,"column":226}},"64":{"start":{"line":126,"column":233},"end":{"line":126,"column":254}},"65":{"start":{"line":126,"column":255},"end":{"line":126,"column":269}},"66":{"start":{"line":128,"column":0},"end":{"line":128,"column":95}},"67":{"start":{"line":128,"column":39},"end":{"line":128,"column":93}},"68":{"start":{"line":138,"column":0},"end":{"line":138,"column":34}},"69":{"start":{"line":142,"column":0},"end":{"line":142,"column":31}},"70":{"start":{"line":143,"column":0},"end":{"line":143,"column":37}},"71":{"start":{"line":145,"column":0},"end":{"line":145,"column":35}},"72":{"start":{"line":146,"column":0},"end":{"line":146,"column":22}},"73":{"start":{"line":147,"column":0},"end":{"line":147,"column":24}},"74":{"start":{"line":148,"column":0},"end":{"line":148,"column":28}},"75":{"start":{"line":149,"column":0},"end":{"line":149,"column":28}},"76":{"start":{"line":150,"column":0},"end":{"line":150,"column":26}},"77":{"start":{"line":151,"column":0},"end":{"line":151,"column":38}},"78":{"start":{"line":157,"column":0},"end":{"line":159,"column":2}},"79":{"start":{"line":158,"column":2},"end":{"line":158,"column":53}},"80":{"start":{"line":161,"column":0},"end":{"line":163,"column":2}},"81":{"start":{"line":162,"column":2},"end":{"line":162,"column":14}},"82":{"start":{"line":175,"column":0},"end":{"line":177,"column":2}},"83":{"start":{"line":176,"column":2},"end":{"line":176,"column":34}},"84":{"start":{"line":196,"column":0},"end":{"line":196,"column":35}},"85":{"start":{"line":197,"column":0},"end":{"line":197,"column":35}},"86":{"start":{"line":198,"column":0},"end":{"line":198,"column":31}},"87":{"start":{"line":206,"column":0},"end":{"line":208,"column":2}},"88":{"start":{"line":207,"column":2},"end":{"line":207,"column":40}},"89":{"start":{"line":218,"column":0},"end":{"line":220,"column":2}},"90":{"start":{"line":219,"column":2},"end":{"line":219,"column":35}},"91":{"start":{"line":224,"column":0},"end":{"line":224,"column":26}},"92":{"start":{"line":237,"column":0},"end":{"line":239,"column":2}},"93":{"start":{"line":238,"column":2},"end":{"line":238,"column":46}},"94":{"start":{"line":243,"column":0},"end":{"line":243,"column":32}},"95":{"start":{"line":244,"column":0},"end":{"line":244,"column":36}},"96":{"start":{"line":254,"column":0},"end":{"line":256,"column":2}},"97":{"start":{"line":255,"column":2},"end":{"line":255,"column":49}},"98":{"start":{"line":266,"column":0},"end":{"line":268,"column":2}},"99":{"start":{"line":267,"column":2},"end":{"line":267,"column":51}},"100":{"start":{"line":273,"column":0},"end":{"line":273,"column":31}},"101":{"start":{"line":274,"column":0},"end":{"line":274,"column":32}},"102":{"start":{"line":282,"column":0},"end":{"line":284,"column":2}},"103":{"start":{"line":283,"column":2},"end":{"line":283,"column":40}},"104":{"start":{"line":290,"column":0},"end":{"line":292,"column":2}},"105":{"start":{"line":291,"column":2},"end":{"line":291,"column":35}},"106":{"start":{"line":297,"column":0},"end":{"line":297,"column":29}},"107":{"start":{"line":298,"column":0},"end":{"line":298,"column":39}},"108":{"start":{"line":299,"column":0},"end":{"line":299,"column":29}},"109":{"start":{"line":300,"column":0},"end":{"line":300,"column":29}},"110":{"start":{"line":308,"column":0},"end":{"line":310,"column":2}},"111":{"start":{"line":309,"column":2},"end":{"line":309,"column":38}},"112":{"start":{"line":318,"column":0},"end":{"line":320,"column":2}},"113":{"start":{"line":319,"column":2},"end":{"line":319,"column":40}},"114":{"start":{"line":327,"column":0},"end":{"line":329,"column":2}},"115":{"start":{"line":328,"column":2},"end":{"line":328,"column":43}},"116":{"start":{"line":337,"column":0},"end":{"line":339,"column":2}},"117":{"start":{"line":338,"column":2},"end":{"line":338,"column":38}},"118":{"start":{"line":344,"column":0},"end":{"line":344,"column":41}},"119":{"start":{"line":352,"column":0},"end":{"line":354,"column":2}},"120":{"start":{"line":353,"column":2},"end":{"line":353,"column":53}},"121":{"start":{"line":360,"column":0},"end":{"line":360,"column":35}},"122":{"start":{"line":361,"column":0},"end":{"line":361,"column":33}},"123":{"start":{"line":362,"column":0},"end":{"line":362,"column":29}},"124":{"start":{"line":371,"column":0},"end":{"line":373,"column":2}},"125":{"start":{"line":372,"column":2},"end":{"line":372,"column":40}},"126":{"start":{"line":376,"column":0},"end":{"line":376,"column":70}},"127":{"start":{"line":383,"column":0},"end":{"line":385,"column":2}},"128":{"start":{"line":384,"column":2},"end":{"line":384,"column":34}},"129":{"start":{"line":388,"column":0},"end":{"line":388,"column":50}},"130":{"start":{"line":389,"column":0},"end":{"line":389,"column":48}},"131":{"start":{"line":399,"column":0},"end":{"line":401,"column":2}},"132":{"start":{"line":400,"column":2},"end":{"line":400,"column":50}},"133":{"start":{"line":404,"column":0},"end":{"line":404,"column":80}},"134":{"start":{"line":406,"column":0},"end":{"line":406,"column":41}},"135":{"start":{"line":409,"column":0},"end":{"line":411,"column":2}},"136":{"start":{"line":410,"column":2},"end":{"line":410,"column":44}},"137":{"start":{"line":416,"column":0},"end":{"line":416,"column":65}},"138":{"start":{"line":428,"column":0},"end":{"line":430,"column":2}},"139":{"start":{"line":429,"column":2},"end":{"line":429,"column":70}},"140":{"start":{"line":435,"column":0},"end":{"line":435,"column":29}},"141":{"start":{"line":436,"column":0},"end":{"line":436,"column":39}},"142":{"start":{"line":445,"column":0},"end":{"line":447,"column":2}},"143":{"start":{"line":446,"column":2},"end":{"line":446,"column":60}},"144":{"start":{"line":452,"column":0},"end":{"line":452,"column":35}},"145":{"start":{"line":453,"column":0},"end":{"line":453,"column":45}},"146":{"start":{"line":462,"column":0},"end":{"line":464,"column":2}},"147":{"start":{"line":463,"column":2},"end":{"line":463,"column":73}},"148":{"start":{"line":469,"column":0},"end":{"line":469,"column":32}},"149":{"start":{"line":470,"column":0},"end":{"line":470,"column":42}},"150":{"start":{"line":471,"column":0},"end":{"line":471,"column":40}},"151":{"start":{"line":480,"column":0},"end":{"line":482,"column":2}},"152":{"start":{"line":481,"column":2},"end":{"line":481,"column":48}},"153":{"start":{"line":490,"column":0},"end":{"line":492,"column":2}},"154":{"start":{"line":491,"column":2},"end":{"line":491,"column":65}},"155":{"start":{"line":497,"column":0},"end":{"line":497,"column":23}},"156":{"start":{"line":498,"column":0},"end":{"line":498,"column":33}},"157":{"start":{"line":508,"column":0},"end":{"line":510,"column":2}},"158":{"start":{"line":509,"column":2},"end":{"line":509,"column":65}},"159":{"start":{"line":516,"column":0},"end":{"line":516,"column":44}},"160":{"start":{"line":517,"column":0},"end":{"line":517,"column":38}},"161":{"start":{"line":525,"column":0},"end":{"line":527,"column":2}},"162":{"start":{"line":526,"column":2},"end":{"line":526,"column":41}},"163":{"start":{"line":530,"column":0},"end":{"line":530,"column":76}},"164":{"start":{"line":537,"column":0},"end":{"line":537,"column":32}},"165":{"start":{"line":538,"column":0},"end":{"line":538,"column":42}},"166":{"start":{"line":539,"column":0},"end":{"line":539,"column":39}},"167":{"start":{"line":540,"column":0},"end":{"line":540,"column":50}},"168":{"start":{"line":541,"column":0},"end":{"line":541,"column":45}},"169":{"start":{"line":551,"column":0},"end":{"line":553,"column":2}},"170":{"start":{"line":552,"column":2},"end":{"line":552,"column":38}},"171":{"start":{"line":561,"column":0},"end":{"line":563,"column":2}},"172":{"start":{"line":562,"column":2},"end":{"line":562,"column":40}},"173":{"start":{"line":570,"column":0},"end":{"line":572,"column":2}},"174":{"start":{"line":571,"column":2},"end":{"line":571,"column":52}},"175":{"start":{"line":577,"column":0},"end":{"line":577,"column":27}},"176":{"start":{"line":578,"column":0},"end":{"line":578,"column":27}},"177":{"start":{"line":579,"column":0},"end":{"line":579,"column":29}},"178":{"start":{"line":580,"column":0},"end":{"line":580,"column":37}},"179":{"start":{"line":581,"column":0},"end":{"line":581,"column":37}},"180":{"start":{"line":590,"column":0},"end":{"line":592,"column":2}},"181":{"start":{"line":591,"column":2},"end":{"line":591,"column":35}},"182":{"start":{"line":600,"column":0},"end":{"line":602,"column":2}},"183":{"start":{"line":601,"column":2},"end":{"line":601,"column":35}},"184":{"start":{"line":612,"column":0},"end":{"line":614,"column":2}},"185":{"start":{"line":613,"column":2},"end":{"line":613,"column":45}},"186":{"start":{"line":623,"column":0},"end":{"line":625,"column":2}},"187":{"start":{"line":624,"column":2},"end":{"line":624,"column":40}},"188":{"start":{"line":634,"column":0},"end":{"line":636,"column":2}},"189":{"start":{"line":635,"column":2},"end":{"line":635,"column":40}},"190":{"start":{"line":643,"column":0},"end":{"line":643,"column":41}},"191":{"start":{"line":644,"column":0},"end":{"line":644,"column":37}},"192":{"start":{"line":645,"column":0},"end":{"line":645,"column":41}},"193":{"start":{"line":646,"column":0},"end":{"line":646,"column":37}},"194":{"start":{"line":647,"column":0},"end":{"line":647,"column":35}},"195":{"start":{"line":659,"column":0},"end":{"line":661,"column":2}},"196":{"start":{"line":660,"column":2},"end":{"line":660,"column":49}},"197":{"start":{"line":664,"column":0},"end":{"line":664,"column":72}},"198":{"start":{"line":675,"column":0},"end":{"line":677,"column":2}},"199":{"start":{"line":676,"column":2},"end":{"line":676,"column":49}},"200":{"start":{"line":680,"column":0},"end":{"line":680,"column":72}},"201":{"start":{"line":692,"column":0},"end":{"line":694,"column":2}},"202":{"start":{"line":693,"column":2},"end":{"line":693,"column":50}},"203":{"start":{"line":699,"column":0},"end":{"line":699,"column":29}},"204":{"start":{"line":706,"column":0},"end":{"line":708,"column":2}},"205":{"start":{"line":707,"column":2},"end":{"line":707,"column":44}},"206":{"start":{"line":713,"column":0},"end":{"line":713,"column":41}},"207":{"start":{"line":721,"column":0},"end":{"line":723,"column":2}},"208":{"start":{"line":722,"column":2},"end":{"line":722,"column":41}},"209":{"start":{"line":728,"column":0},"end":{"line":728,"column":35}},"210":{"start":{"line":729,"column":0},"end":{"line":729,"column":35}},"211":{"start":{"line":739,"column":0},"end":{"line":741,"column":2}},"212":{"start":{"line":740,"column":2},"end":{"line":740,"column":44}},"213":{"start":{"line":751,"column":0},"end":{"line":753,"column":2}},"214":{"start":{"line":752,"column":2},"end":{"line":752,"column":44}},"215":{"start":{"line":759,"column":0},"end":{"line":759,"column":44}},"216":{"start":{"line":760,"column":0},"end":{"line":760,"column":48}},"217":{"start":{"line":761,"column":0},"end":{"line":761,"column":40}},"218":{"start":{"line":769,"column":0},"end":{"line":771,"column":2}},"219":{"start":{"line":770,"column":2},"end":{"line":770,"column":44}},"220":{"start":{"line":774,"column":0},"end":{"line":774,"column":76}},"221":{"start":{"line":780,"column":0},"end":{"line":780,"column":42}},"222":{"start":{"line":781,"column":0},"end":{"line":781,"column":44}},"223":{"start":{"line":782,"column":0},"end":{"line":782,"column":40}},"224":{"start":{"line":794,"column":0},"end":{"line":796,"column":2}},"225":{"start":{"line":795,"column":2},"end":{"line":795,"column":44}},"226":{"start":{"line":799,"column":0},"end":{"line":799,"column":81}},"227":{"start":{"line":804,"column":0},"end":{"line":804,"column":40}},"228":{"start":{"line":812,"column":0},"end":{"line":814,"column":2}},"229":{"start":{"line":813,"column":2},"end":{"line":813,"column":40}},"230":{"start":{"line":817,"column":0},"end":{"line":817,"column":54}},"231":{"start":{"line":821,"column":0},"end":{"line":821,"column":48}}},"branchMap":{"1":{"line":126,"type":"if","locations":[{"start":{"line":126,"column":40},"end":{"line":126,"column":40}},{"start":{"line":126,"column":40},"end":{"line":126,"column":40}}]},"2":{"line":126,"type":"binary-expr","locations":[{"start":{"line":126,"column":44},"end":{"line":126,"column":47}},{"start":{"line":126,"column":51},"end":{"line":126,"column":65}}]},"3":{"line":126,"type":"if","locations":[{"start":{"line":126,"column":107},"end":{"line":126,"column":107}},{"start":{"line":126,"column":107},"end":{"line":126,"column":107}}]},"4":{"line":126,"type":"if","locations":[{"start":{"line":126,"column":149},"end":{"line":126,"column":149}},{"start":{"line":126,"column":149},"end":{"line":126,"column":149}}]},"5":{"line":128,"type":"cond-expr","locations":[{"start":{"line":128,"column":70},"end":{"line":128,"column":73}},{"start":{"line":128,"column":76},"end":{"line":128,"column":92}}]},"6":{"line":128,"type":"binary-expr","locations":[{"start":{"line":128,"column":46},"end":{"line":128,"column":49}},{"start":{"line":128,"column":53},"end":{"line":128,"column":67}}]}},"code":["'use strict';","","Object.defineProperty(exports, \"__esModule\", {","  value: true","});","exports.PropagateTask = exports.defaultScheduler = exports.multicast = exports.throwError = exports.flatMapError = exports.recoverWith = exports.await = exports.awaitPromises = exports.fromPromise = exports.debounce = exports.throttle = exports.timestamp = exports.delay = exports.during = exports.since = exports.skipUntil = exports.until = exports.takeUntil = exports.skipWhile = exports.takeWhile = exports.slice = exports.skip = exports.take = exports.distinctBy = exports.skipRepeatsWith = exports.distinct = exports.skipRepeats = exports.filter = exports.switch = exports.switchLatest = exports.zipArray = exports.zip = exports.sampleWith = exports.sampleArray = exports.sample = exports.combineArray = exports.combine = exports.mergeArray = exports.merge = exports.mergeConcurrently = exports.concatMap = exports.flatMapEnd = exports.continueWith = exports.join = exports.chain = exports.flatMap = exports.transduce = exports.ap = exports.tap = exports.constant = exports.map = exports.startWith = exports.concat = exports.generate = exports.iterate = exports.unfold = exports.reduce = exports.scan = exports.loop = exports.drain = exports.forEach = exports.observe = exports.fromEvent = exports.periodic = exports.from = exports.never = exports.empty = exports.just = exports.of = exports.Stream = undefined;","","var _fromEvent = require('./source/fromEvent');","","Object.defineProperty(exports, 'fromEvent', {","  enumerable: true,","  get: function () {","    return _fromEvent.fromEvent;","  }","});","","var _unfold = require('./source/unfold');","","Object.defineProperty(exports, 'unfold', {","  enumerable: true,","  get: function () {","    return _unfold.unfold;","  }","});","","var _iterate = require('./source/iterate');","","Object.defineProperty(exports, 'iterate', {","  enumerable: true,","  get: function () {","    return _iterate.iterate;","  }","});","","var _generate = require('./source/generate');","","Object.defineProperty(exports, 'generate', {","  enumerable: true,","  get: function () {","    return _generate.generate;","  }","});","","var _Stream = require('./Stream');","","var _Stream2 = _interopRequireDefault(_Stream);","","var _prelude = require('@most/prelude');","","var base = _interopRequireWildcard(_prelude);","","var _core = require('./source/core');","","var _from = require('./source/from');","","var _periodic = require('./source/periodic');","","var _symbolObservable = require('symbol-observable');","","var _symbolObservable2 = _interopRequireDefault(_symbolObservable);","","var _subscribe = require('./observable/subscribe');","","var _thru = require('./combinator/thru');","","var _observe = require('./combinator/observe');","","var _loop = require('./combinator/loop');","","var _accumulate = require('./combinator/accumulate');","","var _build = require('./combinator/build');","","var _transform = require('./combinator/transform');","","var _applicative = require('./combinator/applicative');","","var _transduce = require('./combinator/transduce');","","var _flatMap = require('./combinator/flatMap');","","var _continueWith = require('./combinator/continueWith');","","var _concatMap = require('./combinator/concatMap');","","var _mergeConcurrently = require('./combinator/mergeConcurrently');","","var _merge = require('./combinator/merge');","","var _combine = require('./combinator/combine');","","var _sample = require('./combinator/sample');","","var _zip = require('./combinator/zip');","","var _switch = require('./combinator/switch');","","var _filter = require('./combinator/filter');","","var _slice = require('./combinator/slice');","","var _timeslice = require('./combinator/timeslice');","","var _delay = require('./combinator/delay');","","var _timestamp = require('./combinator/timestamp');","","var _limit = require('./combinator/limit');","","var _promises = require('./combinator/promises');","","var _errors = require('./combinator/errors');","","var _multicast = require('@most/multicast');","","var _multicast2 = _interopRequireDefault(_multicast);","","var _defaultScheduler = require('./scheduler/defaultScheduler');","","var _defaultScheduler2 = _interopRequireDefault(_defaultScheduler);","","var _PropagateTask = require('./scheduler/PropagateTask');","","var _PropagateTask2 = _interopRequireDefault(_PropagateTask);","","function _interopRequireWildcard(obj) { if (obj && obj.__esModule) { return obj; } else { var newObj = {}; if (obj != null) { for (var key in obj) { if (Object.prototype.hasOwnProperty.call(obj, key)) { newObj[key] = obj[key]; } } } newObj.default = obj; return newObj; } }","","function _interopRequireDefault(obj) { retur
[...]
{"line":78,"column":32}},"34":{"start":{"line":82,"column":0},"end":{"line":87,"column":2}},"35":{"start":{"line":83,"column":2},"end":{"line":83,"column":18}},"36":{"start":{"line":84,"column":2},"end":{"line":86,"column":29}},"37":{"start":{"line":85,"column":4},"end":{"line":85,"column":24}},"38":{"start":{"line":89,"column":0},"end":{"line":95,"column":2}},"39":{"start":{"line":90,"column":2},"end":{"line":90,"column":18}},"40":{"start":{"line":92,"column":2},"end":{"line":94,"column":33}},"41":{"start":{"line":93,"column":4},"end":{"line":93,"column":31}},"42":{"start":{"line":97,"column":0},"end":{"line":99,"column":2}},"43":{"start":{"line":98,"column":2},"end":{"line":98,"column":40}},"44":{"start":{"line":101,"column":0},"end":{"line":103,"column":2}},"45":{"start":{"line":102,"column":2},"end":{"line":102,"column":49}}},"branchMap":{"1":{"line":19,"type":"cond-expr","locations":[{"start":{"line":19,"column":70},"end":{"line":19,"column":73}},{"start":{"line":19,"column":76},"end":{"line":19,"column":92}}]},"2":{"line":19,"type":"binary-expr","locations":[{"start":{"line":19,"column":46},"end":{"line":19,"column":49}},{"start":{"line":19,"column":53},"end":{"line":19,"column":67}}]}},"code":["'use strict';","","Object.defineProperty(exports, \"__esModule\", {","  value: true","});","exports.fromPromise = fromPromise;","exports.awaitPromises = awaitPromises;","","var _Stream = require('../Stream');","","var _Stream2 = _interopRequireDefault(_Stream);","","var _fatalError = require('../fatalError');","","var _fatalError2 = _interopRequireDefault(_fatalError);","","var _core = require('../source/core');","","function _interopRequireDefault(obj) { return obj && obj.__esModule ? obj : { default: obj }; }","","/**"," * Create a stream containing only the promise's fulfillment"," * value at the time it fulfills."," * @param {Promise<T>} p promise"," * @return {Stream<T>} stream containing promise's fulfillment value."," *  If the promise rejects, the stream will error"," */","function fromPromise(p) {","  return awaitPromises((0, _core.of)(p));","}","","/**"," * Turn a Stream<Promise<T>> into Stream<T> by awaiting each promise."," * Event order is preserved."," * @param {Stream<Promise<T>>} stream"," * @return {Stream<T>} stream of fulfillment values.  The stream will"," * error if any promise rejects."," */","/** @license MIT License (c) copyright 2010-2016 original author or authors */","/** @author Brian Cavalier */","/** @author John Hann */","","function awaitPromises(stream) {","  return new _Stream2.default(new Await(stream.source));","}","","function Await(source) {","  this.source = source;","}","","Await.prototype.run = function (sink, scheduler) {","  return this.source.run(new AwaitSink(sink, scheduler), scheduler);","};","","function AwaitSink(sink, scheduler) {","  this.sink = sink;","  this.scheduler = scheduler;","  this.queue = Promise.resolve();","  var self = this;","","  // Pre-create closures, to avoid creating them per event","  this._eventBound = function (x) {","    self.sink.event(self.scheduler.now(), x);","  };","","  this._endBound = function (x) {","    self.sink.end(self.scheduler.now(), x);","  };","","  this._errorBound = function (e) {","    self.sink.error(self.scheduler.now(), e);","  };","}","","AwaitSink.prototype.event = function (t, promise) {","  var self = this;","  this.queue = this.queue.then(function () {","    return self._event(promise);","  }).catch(this._errorBound);","};","","AwaitSink.prototype.end = function (t, x) {","  var self = this;","  this.queue = this.queue.then(function () {","    return self._end(x);","  }).catch(this._errorBound);","};","","AwaitSink.prototype.error = function (t, e) {","  var self = this;","  // Don't resolve error values, propagate directly","  this.queue = this.queue.then(function () {","    return self._errorBound(e);","  }).catch(_fatalError2.default);","};","","AwaitSink.prototype._event = function (promise) {","  return promise.then(this._eventBound);","};","","AwaitSink.prototype._end = function (x) {","  return Promise.resolve(x).then(this._endBound);","};"],"l":{"3":1,"6":1,"7":1,"9":1,"11":1,"13":1,"15":1,"17":1,"19":2,"28":1,"29":0,"43":1,"44":0,"47":1,"48":0,"51":1,"52":0,"55":1,"56":0,"57":0,"58":0,"59":0,"62":0,"63":0,"66":0,"67":0,"70":0,"71":0,"75":1,"76":0,"77":0,"78":0,"82":1,"83":0,"84":0,"85":0,"89":1,"90":0,"92":0,"93":0,"97":1,"98":0,"101":1,"102":0}},"/home/travis/build/npmtest/node-npmtest-most/node_modules/most/lib/combinator/errors.js":{"path":"/home/travis/build/npmtest/node-npmtest-most/node_modules/most/lib/combinator/errors.js","s":{"1":1,"2":1,"3":1,"4":1,"5":1,"6":1,"7":1,"8":1,"9":1,"10":1,"11":1,"12":1,"13":1,"14":1,"15":1,"16":2,"17":2,"18":0,"19":0,"20":0,"21":0,"22":0,"23":0,"24":0,"25":1,"26":3,"27":1,"28":0,"29":1,"30":1,"31":0,"32":1,"33":0,"34":1,"35":0,"36":1,"37":0,"38":1,"39":0,"40":0,"41":1,"42":0,"43":1,"44":0,"45":0,"46":0,"47":0,"48":1,"49":0,"50":1,"51":0,"52":1,"53":0,"54":0,"55":0,"56":1,"57":0,"58":0,"59":0,"60":1,"61":0,"62":0,"63":1,"64":0},"b":{"1":[2,0],"2":[2,2],"3":[0,0],"4":[0,0],"5":[3,0],"6":[3,3]},"f":{"1":2,"2":3,"3":0,"4":0,"5":0,"6":0,"7":0,"8":0,"9":0,"10":0,"11":0,"12":0,"13":0,"14":0,"15":0,"16":0},"fnMap":{"1":{"name":"_interopRequireWildcard","line":30,"loc":{"start":{"line":30,"column":0},"end":{"line":30,"column":38}}},"2":{"name":"_interopRequireDefault","line":32,"loc":{"start":{"line":32,"column":0},"end":{"line":32,"column":37}}},"3":{"name":"recoverWith","line":41,"loc":{"start":{"line":41,"column":0},"end":{"line":41,"column":32}}},"4":{"name":"throwError","line":54,"loc":{"start":{"line":54,"column":0},"end":{"line":54,"column":23}}},"5":{"name":"ErrorSource","line":58,"loc":{"start":{"line":58,"column":0},"end":{"line":58,"column":24}}},"6":{"name":"(anonymous_6)","line":62,"loc":{"start":{"line":62,"column":28},"end":{"line":62,"column":55}}},"7":{"name":"runError","line":66,"loc":{"start":{"line":66,"column":0},"end":{"line":66,"column":30}}},"8":{"name":"RecoverWith","line":70,"loc":{"start":{"line":70,"column":0},"end":{"line":70,"column":32}}},"9":{"name":"(anonymous_9)","line":75,"loc":{"start":{"line":75,"column":28},"end":{"line":75,"column":55}}},"10":{"name":"RecoverWithSink","line":79,"loc":{"start":{"line":79,"column":0},"end":{"line":79,"column":53}}},"11":{"name":"(anonymous_11)","line":86,"loc":{"start":{"line":86,"column":34},"end":{"line":86,"column":50}}},"12":{"name":"(anonymous_12)","line":90,"loc":{"start":{"line":90,"column":32},"end":{"line":90,"column":48}}},"13":{"name":"(anonymous_13)","line":94,"loc":{"start":{"line":94,"column":34},"end":{"line":94,"column":50}}},"14":{"name":"(anonymous_14)","line":101,"loc":{"start":{"line":101,"column":39},"end":{"line":101,"column":61}}},"15":{"name":"(anonymous_15)","line":109,"loc":{"start":{"line":109,"column":38},"end":{"line":109,"column":60}}},"16":{"name":"(anonymous_16)","line":114,"loc":{"start":{"line":114,"column":36},"end":{"line":114,"column":48}}}},"statementMap":{"1":{"start":{"line":3,"column":0},"end":{"line":5,"column":3}},"2":{"start":{"line":6,"column":0},"end":{"line":6,"column":33}},"3":{"start":{"line":7,"column":0},"end":{"line":7,"column":34}},"4":{"start":{"line":8,"column":0},"end":{"line":8,"column":32}},"5":{"start":{"line":10,"column":0},"end":{"line":10,"column":35}},"6":{"start":{"line":12,"column":0},"end":{"line":12,"column":47}},"7":{"start":{"line":14,"column":0},"end":{"line":14,"column":44}},"8":{"start":{"line":16,"column":0},"end":{"line":16,"column":51}},"9":{"start":{"line":18,"column":0},"end":{"line":18,"column":48}},"10":{"start":{"line":20,"column":0},"end":{"line":20,"column":48}},"11":{"start":{"line":22,"column":0},"end":{"line":22,"column":46}},"12":{"start":{"line":24,"column":0},"end":{"line":24,"column":50}},"13":{"start":{"line":26,"column":0},"end":{"line":26,"column":59}},"14":{"start":{"line":28,"column":0},"end":{"line":28,"column":61}},"15":{"start":{"line":30,"column":0},"end":{"line":30,"column":273}},"16":{"start":{"line":30,"column":40},"end":{"line":30,"column":271}},"17":{"start":{"line":30,"column":69},"end":{"line":30,"column":80}},"18":{"start":{"line":30,"column":90},"end":{"line":30,"column":106}},"19":{"start":{"line":30,"column":107},"end":{"line":30,"column":232}},"20":{"start":{"line":30,"column":126},"end":{"line":30,"column":230}},"21":{"start":{"line":30,"column":149},"end":{"line":30,"column":228}},"22":{"start":{"line":30,"column":203},"end":{"line":30,"column":226}},"23":{"start":{"line":30,"column":233},"end":{"line":30,"column":254}},"24":{"start":{"line":30,"column":255},"end":{"line":30,"column":269}},"25":{"start":{"line":32,"column":0},"end":{"line":32,"column":95}},"26":{"start":{"line":32,"column":39},"end":{"line":32,"column":93}},"27":{"start":{"line":41,"column":0},"end":{"line":43,"column":1}},"28":{"start":{"line":42,"column":2},"end":{"line":42,"column":65}},"29":{"start":{"line":47,"column":0},"end":{"line":47,"column":54}},"30":{"start":{"line":54,"column":0},"end":{"line":56,"column":1}},"31":{"start":{"line":55,"column":2},"end":{"line":55,"column":50}},"32":{"start":{"line":58,"column":0},"end":{"line":60,"column":1}},"33":{"start":{"line":59,"column":2},"end":{"line":59,"column":17}},"34":{"start":{"line":62,"column":0},"end":{"line":64,"column":2}},"35":{"start":{"line":63,"column":2},"end":{"line":63,"column":81}},"36":{"start":{"line":66,"column":0},"end":{"line":68,"column":1}},"37":{"start":{"line":67,"column":2},"end":{"line":67,"column":19}},"38":{"start":{"line":70,"column":0},"end":{"line":73,"column":1}},"39":{"start":{"line":71,"column":2},"end":{"line":71,"column":13}},"40":{"start":{"line":72,"column":2},"end":{"line":72,"column":23}},"41":{"start":{"line":75,"column":0},"end":{"line":77,"column":2}},"42":{"start":{"line":76,"column":2},"end":{"line":76,"column":67}},"43":{"start":{"line":79,"column":0},"end":{"line":84,"column":1}},"44":{"start":{"line":80,"column":2},"end":{"line":80,"column":13}},"45":{"start":{"line":81,"column":2},"end":{"line":81,"column":43}},"46":{"start":{"line":82,"column":2},"end":{"line":82,"column":29}},"47":{"start":{"line":83,"column":2},"end":{"line":83,"column":48}},"48":{"start":{"line":86,"column":0},"end":{"line":88,"column":2}},"49":{"start":{"line":87,"column":2},"end":{"line":87,"column":37}},"50":{"start":{"line":90,"column":0},"end":{"line":92,"column":2}},"51":{"start":{"line":91,"column":2},"end":{"line":91,"column":35}},"52":{"start":{"line":94,"column":0},"end":{"line":99,"column":2}},"53":{"start":{"line":95,"column":2},"end":{"line":95,"column":37}},"54":{"start":{"line":97,"column":2},"end":{"line":97,"column":52}},"55":{"start":{"line":98,"column":2},"end":{"line":98,"column":34}},"56":{"start":{"line":101,"column":0},"end":{"line":107,"column":2}},"57":{"start":{"line":102,"column":2},"end":{"line":106,"column":3}},"58":{"start":{"line":103,"column":4},"end":{"line":103,"column":54}},"59":{"start":{"line":105,"column":4},"end":{"line":105,"column":21}},"60":{"start":{"line":109,"column":0},"end":{"line":112,"column":2}},"61":{"start":{"line":110,"column":2},"end":{"line":110,"column":20}},"62":{"start":{"line":111,"column":2},"end":{"line":111,"column":49}},"63":{"start":{"line":114,"column":0},"end":{"line":116,"column":2}},"64":{"start":{"line":115,"column":2},"end":{"line":115,"column":35}}},"branchMap":{"1":{"line":30,"type":"if","locations":[{"start":{"line":30,"column":40},"end":{"line":30,"column":40}},{"start":{"line":30,"column":40},"end":{"line":30,"column":40}}]},"2":{"line":30,"type":"binary-expr","locations":[{"start":{"line":30,"column":44},"end":{"line":30,"column":47}},{"start":{"line":30,"column":51},"end":{"line":30,"column":65}}]},"3":{"line":30,"type":"if","locations":[{"start":{"line":30,"column":107},"end":{"line":30,"column":107}},{"start":{"line":30,"column":107},"end":{"line":30,"column":107}}]},"4":{"line":30,"type":"if","locations":[{"start":{"line":30,"column":149},"end":{"line":30,"column":149}},{"start":{"line":30,"column":149},"end":{"line":30,"column":149}}]},"5":{"line":32,"type":"cond-expr","locations":[{"start":{"line":32,"column":70},"end":{"line":32,"column":73}},{"start":{"line":32,"column":76},"end":{"line":32,"column":92}}]},"6":{"line":32,"type":"binary-expr","locations":[{"start":{"line":32,"column":46},"end":{"line":32,"column":49}},{"start":{"line":32,"column":53},"end":{"line":32,"column":67}}]}},"code":["'use strict';","","Object.defineProperty(exports, \"__esModule\", {","  value: true","});","exports.flatMapError = undefined;","exports.recoverWith = recoverWith;","exports.throwError = throwError;","","var _Stream = require('../Stream');","","var _Stream2 = _interopRequireDefault(_Stream);","","var _SafeSink = require('../sink/SafeSink');","","var _SafeSink2 = _interopRequireDefault(_SafeSink);","","var _dispose = require('../disposable/dispose');","","var dispose = _interopRequireWildcard(_dispose);","","var _tryEvent = require('../source/tryEvent');","","var tryEvent = _interopRequireWildcard(_tryEvent);","","var _PropagateTask = require('../scheduler/PropagateTask');","","var _PropagateTask2 = _interopRequireDefault(_PropagateTask);","","function _interopRequireWildcard(obj) { if (obj && obj.__esModule) { return obj; } else { var newObj = {}; if (obj != null) { for (var key in obj) { if (Object.prototype.hasOwnProperty.call(obj, key)) { newObj[key] = obj[key]; } } } newObj.default = obj; return newObj; } }","","function _interopRequireDefault(obj) { return obj && obj.__esModule ? obj : { default: obj }; }","","/**"," * If stream encounters an error, recover and continue with items from stream"," * returned by f."," * @param {function(error:*):Stream} f function which returns a new stream"," * @param {Stream} stream"," * @returns {Stream} new stream which will recover from an error by calling f"," */","function recoverWith(f, stream) {","  return new _Stream2.default(new RecoverWith(f, stream.source));","} /** @license MIT License (c) copyright 2010-2016 original author or authors */","/** @author Brian Cavalier */","/** @author John Hann */","","var flatMapError = exports.flatMapError = recoverWith;","","/**"," * Create a stream containing only an error"," * @param {*} e error value, preferably an Error or Error subtype"," * @returns {Stream} new stream containing only an error"," */","function throwError(e) {","  return new _Stream2.default(new ErrorSource(e));","}","","function ErrorSource(e) {","  this.value = e;","}","","ErrorSource.prototype.run = function (sink, scheduler) {","  return scheduler.asap(new _PropagateTask2.default(runError, this.value, sink));","};","","function runError(t, e, sink) {","  sink.error(t, e);","}","","function RecoverWith(f, source) {","  this.f = f;","  this.source = source;","}","","RecoverWith.prototype.run = function (sink, scheduler) {","  return new RecoverWithSink(this.f, this.source, sink, scheduler);","};","","function RecoverWithSink(f, source, sink, scheduler) {","  this.f = f;","  this.sink = new _SafeSink2.default(sink);","  this.scheduler = scheduler;","  this.disposable = source.run(this, scheduler);","}","","RecoverWithSink.prototype.event = function (t, x) {","  tryEvent.tryEvent(t, x, this.sink);","};","","RecoverWithSink.prototype.end = function (t, x) {","  tryEvent.tryEnd(t, x, this.sink);","};","","RecoverWithSink.prototype.error = function (t, e) {","  var nextSink = this.sink.disable();","","  dispose.tryDispose(t, this.disposable, this.sink);","  this._startNext(t, e, nextSink);","};","","RecoverWithSink.prototype._startNext = function (t, x, sink) {","  try {","    this.disposable = this._continue(this.f, x, sink);","  } catch (e) {","    sink.error(t, e);","  }","};","","RecoverWithSink.prototype._continue = function (f, x, sink) {","  var stream = f(x);","  return stream.source.run(sink, this.scheduler);","};","","RecoverWithSink.prototype.dispose = function () {","  return this.disposable.dispose();","};"],"l":{"3":1,"6":1,"7":1,"8":1,"10":1,"12":1,"14":1,"16":1,"18":1,"20":1,"22":1,"24":1,"26":1,"28":1,"30":2,"32":3,"41":1,"42":0,"47":1,"54":1,"55":0,"58":1,"59":0,"62":1,"63":0,"66":1,"67":0,"70":1,"71":0,"72":0,"75":1,"76":0,"79":1,"80":0,"81":0,"82":0,"83":0,"86":1,"87":0,"90":1,"91":0,"94":1,"95":0,"97":0,"98":0,"101":1,"102":0,"103":0,"105":0,"109":1,"110":0,"111":0,"114":1,"115":0}},"/home/travis/build/npmtest/node-npmtest-most/node_modules/most/lib/sink/SafeSink.js":{"path":"/home/travis/build/npmtest/node-npmtest-most/node_modules/most/lib/sink/SafeSink.js","s":{"1":1,"2":1,"3":1,"4":0,"5":0,"6":1,"7":0,"8":0,"9":0,"10":1,"11":0,"12":0,"13":0,"14":0,"15":1,"16":0,"17":0,"18":1,"19":0,"20":0},"b":{"1":[0,0],"2":[0,0]},"f":{"1":0,"2":0,"3":0,"4":0,"5":0},"fnMap":{"1":{"name":"SafeSink","line":11,"loc":{"start":{"line":11,"column":0},"end":{"line":11,"column":24}}},"2":{"name":"(anonymous_2)","line":16,"loc":{"start":{"line":16,"column":27},"end":{"line":16,"column":43}}},"3":{"name":"(anonymous_3)","line":23,"loc":{"start":{"line":23,"column":25},"end":{"line":23,"column":41}}},"4":{"name":"(anonymous_4)","line":31,"loc":{"start":{"line":31,"column":27},"end":{"line":31,"column":43}}},"5":{"name":"(anonymous_5)","line":36,"loc":{"start":{"line":36,"column":29},"end":{"line":36,"column":41}}}},"statementMap":{"1":{"start":{"line":3,"column":0},"end":{"line":5,"column":3}},"2":{"start":{"line":6,"column":0},"end":{"line":6,"column":27}},"3":{"start":{"line":11,"column":0},"end":{"line":14,"column":1}},"4":{"start":{"line":12,"column":2},"end":{"line":12,"column":19}},"5":{"start":{"line":13,"column":2},"end":{"line":13,"column":21}},"6":{"start":{"line":16,"column":0},"end":{"line":21,"column":2}},"7":{"start":{"line":17,"column":2},"end":{"line":19,"column":3}},"8":{"start":{"line":18,"column":4},"end":{"line":18,"column":11}},"9":{"start":{"line":20,"column":2},"end":{"line":20,"column":24}},"10":{"start":{"line":23,"column":0},"end":{"line":29,"column":2}},"11":{"start":{"line":24,"column":2},"end":{"line":26,"column":3}},"12":{"start":{"line":25,"column":4},"end":{"line":25,"column":11}},"13":{"start":{"line":27,"column":2},"end":{"line":27,"column":17}},"14":{"start":{"line":28,"column":2},"end":{"line":28,"column":22}},"15":{"start":{"line":31,"column":0},"end":{"line":34,"column":2}},"16":{"start":{"line":32,"column":2},"end":{"line":32,"column":17}},"17":{"start":{"line":33,"column":2},"end":{"line":33,"column":24}},"18":{"start":{"line":36,"column":0},"end":{"line":39,"column":2}},"19":{"start":{"line":37,"column":2},"end":{"line":37,"column":22}},"20":{"start":{"line":38,"column":2},"end":{"line":38,"column":19}}},"branchMap":{"1":{"line":17,"type":"if","locations":[{"start":{"line":17,"column":2},"end":{"line":17,"column":2}},{"start":{"line":17,"column":2},"end":{"line":17,"column":2}}]},"2":{"line":24,"type":"if","locations":[{"start":{"line":24,"column":2},"end":{"line":24,"column":2}},{"start":{"line":24,"column":2},"end":{"line":24,"column":2}}]}},"code":["\"use strict\";","","Object.defineProperty(exports, \"__esModule\", {","  value: true","});","exports.default = SafeSink;","/** @license MIT License (c) copyright 2010-2016 original author or authors */","/** @author Brian Cavalier */","/** @author John Hann */","","function SafeSink(sink) {","  this.sink = sink;","  this.active = true;","}","","SafeSink.prototype.event = function (t, x) {","  if (!this.active) {","    return;","  }","  this.sink.event(t, x);","};","","SafeSink.prototype.end = function (t, x) {","  if (!this.active) {","    return;","  }","  this.disable();","  this.sink.end(t, x);","};","","SafeSink.prototype.error = function (t, e) {","  this.disable();","  this.sink.error(t, e);","};","","SafeSink.prototype.disable = function () {","  this.active = false;","  return this.sink;","};"],"l":{"3":1,"6":1,"11":1,"12":0,"13":0,"16":1,"17":0,"18":0,"20":0,"23":1,"24":0,"25":0,"27":0,"28":0,"31":1,"32":0,"33":0,"36":1,"37":0,"38":0}}}